--------------- Build Started: 06/30/2017 11:55:49 Project: hand_firmware_micro, Configuration: DP8051 Keil 9.51 Release ---------------
The code generation step is up to date.
c51.exe .\command_processing.c NOIV LARGE MODDP2 OMF2 VB(1) NOIP "INCDIR(., Generated_Source\PSoC3)" FF(3) DB DF(NDEBUG) WL(2) PR(.\DP8051_Keil_951\Release/command_processing.lst) CD OT(8 ,Speed) OJ(.\DP8051_Keil_951\Release\command_processing.obj)
*** MESSAGE C286 IN LINE 0 OF (null): license limits optimization to level 5
c51.exe .\globals.c NOIV LARGE MODDP2 OMF2 VB(1) NOIP "INCDIR(., Generated_Source\PSoC3)" FF(3) DB DF(NDEBUG) WL(2) PR(.\DP8051_Keil_951\Release/globals.lst) CD OT(8 ,Speed) OJ(.\DP8051_Keil_951\Release\globals.obj)
*** MESSAGE C286 IN LINE 0 OF (null): license limits optimization to level 5
c51.exe .\interruptions.c NOIV LARGE MODDP2 OMF2 VB(1) NOIP "INCDIR(., Generated_Source\PSoC3)" FF(3) DB DF(NDEBUG) WL(2) PR(.\DP8051_Keil_951\Release/interruptions.lst) CD OT(8 ,Speed) OJ(.\DP8051_Keil_951\Release\interruptions.obj)
*** MESSAGE C286 IN LINE 0 OF (null): license limits optimization to level 5
c51.exe .\main.c NOIV LARGE MODDP2 OMF2 VB(1) NOIP "INCDIR(., Generated_Source\PSoC3)" FF(3) DB DF(NDEBUG) WL(2) PR(.\DP8051_Keil_951\Release/main.lst) CD OT(8 ,Speed) OJ(.\DP8051_Keil_951\Release\main.obj)
*** MESSAGE C286 IN LINE 0 OF (null): license limits optimization to level 5
c51.exe .\utils.c NOIV LARGE MODDP2 OMF2 VB(1) NOIP "INCDIR(., Generated_Source\PSoC3)" FF(3) DB DF(NDEBUG) WL(2) PR(.\DP8051_Keil_951\Release/utils.lst) CD OT(8 ,Speed) OJ(.\DP8051_Keil_951\Release\utils.obj)
*** MESSAGE C286 IN LINE 0 OF (null): license limits optimization to level 5
c51.exe .\Generated_Source\PSoC3\cyfitter_cfg.c NOIV LARGE MODDP2 OMF2 VB(1) NOIP "INCDIR(., Generated_Source\PSoC3)" FF(3) DB DF(NDEBUG) WL(2) PR(.\DP8051_Keil_951\Release/cyfitter_cfg.lst) CD OT(8 ,Speed) DF(CYAPP_ECC_OFFSET='1216') OJ(.\DP8051_Keil_951\Release\cyfitter_cfg.obj)
*** MESSAGE C286 IN LINE 0 OF (null): license limits optimization to level 5
c51.exe .\Generated_Source\PSoC3\MOTOR_1A.c NOIV LARGE MODDP2 OMF2 VB(1) NOIP "INCDIR(., Generated_Source\PSoC3)" FF(3) DB DF(NDEBUG) WL(2) PR(.\DP8051_Keil_951\Release/MOTOR_1A.lst) CD OT(8 ,Speed) OJ(.\DP8051_Keil_951\Release\MOTOR_1A.obj)
*** MESSAGE C286 IN LINE 0 OF (null): license limits optimization to level 5
c51.exe .\Generated_Source\PSoC3\MOTOR_EN.c NOIV LARGE MODDP2 OMF2 VB(1) NOIP "INCDIR(., Generated_Source\PSoC3)" FF(3) DB DF(NDEBUG) WL(2) PR(.\DP8051_Keil_951\Release/MOTOR_EN.lst) CD OT(8 ,Speed) OJ(.\DP8051_Keil_951\Release\MOTOR_EN.obj)
*** MESSAGE C286 IN LINE 0 OF (null): license limits optimization to level 5
c51.exe .\Generated_Source\PSoC3\MOTOR_2A.c NOIV LARGE MODDP2 OMF2 VB(1) NOIP "INCDIR(., Generated_Source\PSoC3)" FF(3) DB DF(NDEBUG) WL(2) PR(.\DP8051_Keil_951\Release/MOTOR_2A.lst) CD OT(8 ,Speed) OJ(.\DP8051_Keil_951\Release\MOTOR_2A.obj)
*** MESSAGE C286 IN LINE 0 OF (null): license limits optimization to level 5
c51.exe .\Generated_Source\PSoC3\CLOCK_UART.c NOIV LARGE MODDP2 OMF2 VB(1) NOIP "INCDIR(., Generated_Source\PSoC3)" FF(3) DB DF(NDEBUG) WL(2) PR(.\DP8051_Keil_951\Release/CLOCK_UART.lst) CD OT(8 ,Speed) OJ(.\DP8051_Keil_951\Release\CLOCK_UART.obj)
*** MESSAGE C286 IN LINE 0 OF (null): license limits optimization to level 5
c51.exe .\Generated_Source\PSoC3\ISR_RS485_RX.c NOIV LARGE MODDP2 OMF2 VB(1) NOIP "INCDIR(., Generated_Source\PSoC3)" FF(3) DB DF(NDEBUG) WL(2) PR(.\DP8051_Keil_951\Release/ISR_RS485_RX.lst) CD OT(8 ,Speed) OJ(.\DP8051_Keil_951\Release\ISR_RS485_RX.obj)
*** MESSAGE C286 IN LINE 0 OF (null): license limits optimization to level 5
c51.exe .\Generated_Source\PSoC3\RS_485_EN.c NOIV LARGE MODDP2 OMF2 VB(1) NOIP "INCDIR(., Generated_Source\PSoC3)" FF(3) DB DF(NDEBUG) WL(2) PR(.\DP8051_Keil_951\Release/RS_485_EN.lst) CD OT(8 ,Speed) OJ(.\DP8051_Keil_951\Release\RS_485_EN.obj)
*** MESSAGE C286 IN LINE 0 OF (null): license limits optimization to level 5
c51.exe .\Generated_Source\PSoC3\PWM_MOTORS.c NOIV LARGE MODDP2 OMF2 VB(1) NOIP "INCDIR(., Generated_Source\PSoC3)" FF(3) DB DF(NDEBUG) WL(2) PR(.\DP8051_Keil_951\Release/PWM_MOTORS.lst) CD OT(8 ,Speed) OJ(.\DP8051_Keil_951\Release\PWM_MOTORS.obj)
*** MESSAGE C286 IN LINE 0 OF (null): license limits optimization to level 5
c51.exe .\Generated_Source\PSoC3\PWM_MOTORS_PM.c NOIV LARGE MODDP2 OMF2 VB(1) NOIP "INCDIR(., Generated_Source\PSoC3)" FF(3) DB DF(NDEBUG) WL(2) PR(.\DP8051_Keil_951\Release/PWM_MOTORS_PM.lst) CD OT(8 ,Speed) OJ(.\DP8051_Keil_951\Release\PWM_MOTORS_PM.obj)
*** MESSAGE C286 IN LINE 0 OF (null): license limits optimization to level 5
c51.exe .\Generated_Source\PSoC3\CLOCK_PWM.c NOIV LARGE MODDP2 OMF2 VB(1) NOIP "INCDIR(., Generated_Source\PSoC3)" FF(3) DB DF(NDEBUG) WL(2) PR(.\DP8051_Keil_951\Release/CLOCK_PWM.lst) CD OT(8 ,Speed) OJ(.\DP8051_Keil_951\Release\CLOCK_PWM.obj)
*** MESSAGE C286 IN LINE 0 OF (null): license limits optimization to level 5
c51.exe .\Generated_Source\PSoC3\Signal_1_C.c NOIV LARGE MODDP2 OMF2 VB(1) NOIP "INCDIR(., Generated_Source\PSoC3)" FF(3) DB DF(NDEBUG) WL(2) PR(.\DP8051_Keil_951\Release/Signal_1_C.lst) CD OT(8 ,Speed) OJ(.\DP8051_Keil_951\Release\Signal_1_C.obj)
*** MESSAGE C286 IN LINE 0 OF (null): license limits optimization to level 5
c51.exe .\Generated_Source\PSoC3\EMG_2.c NOIV LARGE MODDP2 OMF2 VB(1) NOIP "INCDIR(., Generated_Source\PSoC3)" FF(3) DB DF(NDEBUG) WL(2) PR(.\DP8051_Keil_951\Release/EMG_2.lst) CD OT(8 ,Speed) OJ(.\DP8051_Keil_951\Release\EMG_2.obj)
*** MESSAGE C286 IN LINE 0 OF (null): license limits optimization to level 5
c51.exe .\Generated_Source\PSoC3\PACER_TIMER.c NOIV LARGE MODDP2 OMF2 VB(1) NOIP "INCDIR(., Generated_Source\PSoC3)" FF(3) DB DF(NDEBUG) WL(2) PR(.\DP8051_Keil_951\Release/PACER_TIMER.lst) CD OT(8 ,Speed) OJ(.\DP8051_Keil_951\Release\PACER_TIMER.obj)
*** MESSAGE C286 IN LINE 0 OF (null): license limits optimization to level 5
c51.exe .\Generated_Source\PSoC3\PACER_TIMER_PM.c NOIV LARGE MODDP2 OMF2 VB(1) NOIP "INCDIR(., Generated_Source\PSoC3)" FF(3) DB DF(NDEBUG) WL(2) PR(.\DP8051_Keil_951\Release/PACER_TIMER_PM.lst) CD OT(8 ,Speed) OJ(.\DP8051_Keil_951\Release\PACER_TIMER_PM.obj)
*** MESSAGE C286 IN LINE 0 OF (null): license limits optimization to level 5
c51.exe .\Generated_Source\PSoC3\UART_RS485.c NOIV LARGE MODDP2 OMF2 VB(1) NOIP "INCDIR(., Generated_Source\PSoC3)" FF(3) DB DF(NDEBUG) WL(2) PR(.\DP8051_Keil_951\Release/UART_RS485.lst) CD OT(8 ,Speed) OJ(.\DP8051_Keil_951\Release\UART_RS485.obj)
*** MESSAGE C286 IN LINE 0 OF (null): license limits optimization to level 5
c51.exe .\Generated_Source\PSoC3\UART_RS485_PM.c NOIV LARGE MODDP2 OMF2 VB(1) NOIP "INCDIR(., Generated_Source\PSoC3)" FF(3) DB DF(NDEBUG) WL(2) PR(.\DP8051_Keil_951\Release/UART_RS485_PM.lst) CD OT(8 ,Speed) OJ(.\DP8051_Keil_951\Release\UART_RS485_PM.obj)
*** MESSAGE C286 IN LINE 0 OF (null): license limits optimization to level 5
c51.exe .\Generated_Source\PSoC3\UART_RS485_INT.c NOIV LARGE MODDP2 OMF2 VB(1) NOIP "INCDIR(., Generated_Source\PSoC3)" FF(3) DB DF(NDEBUG) WL(2) PR(.\DP8051_Keil_951\Release/UART_RS485_INT.lst) CD OT(8 ,Speed) OJ(.\DP8051_Keil_951\Release\UART_RS485_INT.obj)
*** MESSAGE C286 IN LINE 0 OF (null): license limits optimization to level 5
c51.exe .\Generated_Source\PSoC3\UART_RS485_BOOT.c NOIV LARGE MODDP2 OMF2 VB(1) NOIP "INCDIR(., Generated_Source\PSoC3)" FF(3) DB DF(NDEBUG) WL(2) PR(.\DP8051_Keil_951\Release/UART_RS485_BOOT.lst) CD OT(8 ,Speed) OJ(.\DP8051_Keil_951\Release\UART_RS485_BOOT.obj)
*** MESSAGE C286 IN LINE 0 OF (null): license limits optimization to level 5
c51.exe .\Generated_Source\PSoC3\MOTOR_1B.c NOIV LARGE MODDP2 OMF2 VB(1) NOIP "INCDIR(., Generated_Source\PSoC3)" FF(3) DB DF(NDEBUG) WL(2) PR(.\DP8051_Keil_951\Release/MOTOR_1B.lst) CD OT(8 ,Speed) OJ(.\DP8051_Keil_951\Release\MOTOR_1B.obj)
*** MESSAGE C286 IN LINE 0 OF (null): license limits optimization to level 5
c51.exe .\Generated_Source\PSoC3\MOTOR_2B.c NOIV LARGE MODDP2 OMF2 VB(1) NOIP "INCDIR(., Generated_Source\PSoC3)" FF(3) DB DF(NDEBUG) WL(2) PR(.\DP8051_Keil_951\Release/MOTOR_2B.lst) CD OT(8 ,Speed) OJ(.\DP8051_Keil_951\Release\MOTOR_2B.obj)
*** MESSAGE C286 IN LINE 0 OF (null): license limits optimization to level 5
c51.exe .\Generated_Source\PSoC3\MOTOR_DIR.c NOIV LARGE MODDP2 OMF2 VB(1) NOIP "INCDIR(., Generated_Source\PSoC3)" FF(3) DB DF(NDEBUG) WL(2) PR(.\DP8051_Keil_951\Release/MOTOR_DIR.lst) CD OT(8 ,Speed) OJ(.\DP8051_Keil_951\Release\MOTOR_DIR.obj)
*** MESSAGE C286 IN LINE 0 OF (null): license limits optimization to level 5
c51.exe .\Generated_Source\PSoC3\MOTOR_DIR_PM.c NOIV LARGE MODDP2 OMF2 VB(1) NOIP "INCDIR(., Generated_Source\PSoC3)" FF(3) DB DF(NDEBUG) WL(2) PR(.\DP8051_Keil_951\Release/MOTOR_DIR_PM.lst) CD OT(8 ,Speed) OJ(.\DP8051_Keil_951\Release\MOTOR_DIR_PM.obj)
*** MESSAGE C286 IN LINE 0 OF (null): license limits optimization to level 5
c51.exe .\Generated_Source\PSoC3\COUNTER_ENC.c NOIV LARGE MODDP2 OMF2 VB(1) NOIP "INCDIR(., Generated_Source\PSoC3)" FF(3) DB DF(NDEBUG) WL(2) PR(.\DP8051_Keil_951\Release/COUNTER_ENC.lst) CD OT(8 ,Speed) OJ(.\DP8051_Keil_951\Release\COUNTER_ENC.obj)
*** MESSAGE C286 IN LINE 0 OF (null): license limits optimization to level 5
c51.exe .\Generated_Source\PSoC3\COUNTER_ENC_PM.c NOIV LARGE MODDP2 OMF2 VB(1) NOIP "INCDIR(., Generated_Source\PSoC3)" FF(3) DB DF(NDEBUG) WL(2) PR(.\DP8051_Keil_951\Release/COUNTER_ENC_PM.lst) CD OT(8 ,Speed) OJ(.\DP8051_Keil_951\Release\COUNTER_ENC_PM.obj)
*** MESSAGE C286 IN LINE 0 OF (null): license limits optimization to level 5
c51.exe .\Generated_Source\PSoC3\SHIFTREG_ENC_3.c NOIV LARGE MODDP2 OMF2 VB(1) NOIP "INCDIR(., Generated_Source\PSoC3)" FF(3) DB DF(NDEBUG) WL(2) PR(.\DP8051_Keil_951\Release/SHIFTREG_ENC_3.lst) CD OT(8 ,Speed) OJ(.\DP8051_Keil_951\Release\SHIFTREG_ENC_3.obj)
*** MESSAGE C286 IN LINE 0 OF (null): license limits optimization to level 5
c51.exe .\Generated_Source\PSoC3\SHIFTREG_ENC_3_PM.c NOIV LARGE MODDP2 OMF2 VB(1) NOIP "INCDIR(., Generated_Source\PSoC3)" FF(3) DB DF(NDEBUG) WL(2) PR(.\DP8051_Keil_951\Release/SHIFTREG_ENC_3_PM.lst) CD OT(8 ,Speed) OJ(.\DP8051_Keil_951\Release\SHIFTREG_ENC_3_PM.obj)
*** MESSAGE C286 IN LINE 0 OF (null): license limits optimization to level 5
c51.exe .\Generated_Source\PSoC3\CLOCK_ENCODERS.c NOIV LARGE MODDP2 OMF2 VB(1) NOIP "INCDIR(., Generated_Source\PSoC3)" FF(3) DB DF(NDEBUG) WL(2) PR(.\DP8051_Keil_951\Release/CLOCK_ENCODERS.lst) CD OT(8 ,Speed) OJ(.\DP8051_Keil_951\Release\CLOCK_ENCODERS.obj)
*** MESSAGE C286 IN LINE 0 OF (null): license limits optimization to level 5
c51.exe .\Generated_Source\PSoC3\SHIFTREG_ENC_2.c NOIV LARGE MODDP2 OMF2 VB(1) NOIP "INCDIR(., Generated_Source\PSoC3)" FF(3) DB DF(NDEBUG) WL(2) PR(.\DP8051_Keil_951\Release/SHIFTREG_ENC_2.lst) CD OT(8 ,Speed) OJ(.\DP8051_Keil_951\Release\SHIFTREG_ENC_2.obj)
*** MESSAGE C286 IN LINE 0 OF (null): license limits optimization to level 5
c51.exe .\Generated_Source\PSoC3\SHIFTREG_ENC_2_PM.c NOIV LARGE MODDP2 OMF2 VB(1) NOIP "INCDIR(., Generated_Source\PSoC3)" FF(3) DB DF(NDEBUG) WL(2) PR(.\DP8051_Keil_951\Release/SHIFTREG_ENC_2_PM.lst) CD OT(8 ,Speed) OJ(.\DP8051_Keil_951\Release\SHIFTREG_ENC_2_PM.obj)
*** MESSAGE C286 IN LINE 0 OF (null): license limits optimization to level 5
c51.exe .\Generated_Source\PSoC3\EEPROM.c NOIV LARGE MODDP2 OMF2 VB(1) NOIP "INCDIR(., Generated_Source\PSoC3)" FF(3) DB DF(NDEBUG) WL(2) PR(.\DP8051_Keil_951\Release/EEPROM.lst) CD OT(8 ,Speed) OJ(.\DP8051_Keil_951\Release\EEPROM.obj)
*** MESSAGE C286 IN LINE 0 OF (null): license limits optimization to level 5
c51.exe .\Generated_Source\PSoC3\USB_VDD.c NOIV LARGE MODDP2 OMF2 VB(1) NOIP "INCDIR(., Generated_Source\PSoC3)" FF(3) DB DF(NDEBUG) WL(2) PR(.\DP8051_Keil_951\Release/USB_VDD.lst) CD OT(8 ,Speed) OJ(.\DP8051_Keil_951\Release\USB_VDD.obj)
*** MESSAGE C286 IN LINE 0 OF (null): license limits optimization to level 5
c51.exe .\Generated_Source\PSoC3\FTDI_ENABLE.c NOIV LARGE MODDP2 OMF2 VB(1) NOIP "INCDIR(., Generated_Source\PSoC3)" FF(3) DB DF(NDEBUG) WL(2) PR(.\DP8051_Keil_951\Release/FTDI_ENABLE.lst) CD OT(8 ,Speed) OJ(.\DP8051_Keil_951\Release\FTDI_ENABLE.obj)
*** MESSAGE C286 IN LINE 0 OF (null): license limits optimization to level 5
c51.exe .\Generated_Source\PSoC3\Signal_1_B.c NOIV LARGE MODDP2 OMF2 VB(1) NOIP "INCDIR(., Generated_Source\PSoC3)" FF(3) DB DF(NDEBUG) WL(2) PR(.\DP8051_Keil_951\Release/Signal_1_B.lst) CD OT(8 ,Speed) OJ(.\DP8051_Keil_951\Release\Signal_1_B.obj)
*** MESSAGE C286 IN LINE 0 OF (null): license limits optimization to level 5
c51.exe .\Generated_Source\PSoC3\LED_REG.c NOIV LARGE MODDP2 OMF2 VB(1) NOIP "INCDIR(., Generated_Source\PSoC3)" FF(3) DB DF(NDEBUG) WL(2) PR(.\DP8051_Keil_951\Release/LED_REG.lst) CD OT(8 ,Speed) OJ(.\DP8051_Keil_951\Release\LED_REG.obj)
*** MESSAGE C286 IN LINE 0 OF (null): license limits optimization to level 5
c51.exe .\Generated_Source\PSoC3\LED_REG_PM.c NOIV LARGE MODDP2 OMF2 VB(1) NOIP "INCDIR(., Generated_Source\PSoC3)" FF(3) DB DF(NDEBUG) WL(2) PR(.\DP8051_Keil_951\Release/LED_REG_PM.lst) CD OT(8 ,Speed) OJ(.\DP8051_Keil_951\Release\LED_REG_PM.obj)
*** MESSAGE C286 IN LINE 0 OF (null): license limits optimization to level 5
c51.exe .\Generated_Source\PSoC3\LED.c NOIV LARGE MODDP2 OMF2 VB(1) NOIP "INCDIR(., Generated_Source\PSoC3)" FF(3) DB DF(NDEBUG) WL(2) PR(.\DP8051_Keil_951\Release/LED.lst) CD OT(8 ,Speed) OJ(.\DP8051_Keil_951\Release\LED.obj)
*** MESSAGE C286 IN LINE 0 OF (null): license limits optimization to level 5
c51.exe .\Generated_Source\PSoC3\ADC.c NOIV LARGE MODDP2 OMF2 VB(1) NOIP "INCDIR(., Generated_Source\PSoC3)" FF(3) DB DF(NDEBUG) WL(2) PR(.\DP8051_Keil_951\Release/ADC.lst) CD OT(8 ,Speed) OJ(.\DP8051_Keil_951\Release\ADC.obj)
*** MESSAGE C286 IN LINE 0 OF (null): license limits optimization to level 5
c51.exe .\Generated_Source\PSoC3\ADC_PM.c NOIV LARGE MODDP2 OMF2 VB(1) NOIP "INCDIR(., Generated_Source\PSoC3)" FF(3) DB DF(NDEBUG) WL(2) PR(.\DP8051_Keil_951\Release/ADC_PM.lst) CD OT(8 ,Speed) OJ(.\DP8051_Keil_951\Release\ADC_PM.obj)
*** MESSAGE C286 IN LINE 0 OF (null): license limits optimization to level 5
c51.exe .\Generated_Source\PSoC3\ADC_INT.c NOIV LARGE MODDP2 OMF2 VB(1) NOIP "INCDIR(., Generated_Source\PSoC3)" FF(3) DB DF(NDEBUG) WL(2) PR(.\DP8051_Keil_951\Release/ADC_INT.lst) CD OT(8 ,Speed) OJ(.\DP8051_Keil_951\Release\ADC_INT.obj)
*** MESSAGE C286 IN LINE 0 OF (null): license limits optimization to level 5
c51.exe .\Generated_Source\PSoC3\BOARD_LED.c NOIV LARGE MODDP2 OMF2 VB(1) NOIP "INCDIR(., Generated_Source\PSoC3)" FF(3) DB DF(NDEBUG) WL(2) PR(.\DP8051_Keil_951\Release/BOARD_LED.lst) CD OT(8 ,Speed) OJ(.\DP8051_Keil_951\Release\BOARD_LED.obj)
*** MESSAGE C286 IN LINE 0 OF (null): license limits optimization to level 5
c51.exe .\Generated_Source\PSoC3\Signal_1_A.c NOIV LARGE MODDP2 OMF2 VB(1) NOIP "INCDIR(., Generated_Source\PSoC3)" FF(3) DB DF(NDEBUG) WL(2) PR(.\DP8051_Keil_951\Release/Signal_1_A.lst) CD OT(8 ,Speed) OJ(.\DP8051_Keil_951\Release\Signal_1_A.obj)
*** MESSAGE C286 IN LINE 0 OF (null): license limits optimization to level 5
c51.exe .\Generated_Source\PSoC3\RS485_CTS.c NOIV LARGE MODDP2 OMF2 VB(1) NOIP "INCDIR(., Generated_Source\PSoC3)" FF(3) DB DF(NDEBUG) WL(2) PR(.\DP8051_Keil_951\Release/RS485_CTS.lst) CD OT(8 ,Speed) OJ(.\DP8051_Keil_951\Release\RS485_CTS.obj)
*** MESSAGE C286 IN LINE 0 OF (null): license limits optimization to level 5
c51.exe .\Generated_Source\PSoC3\RS485_CTS_PM.c NOIV LARGE MODDP2 OMF2 VB(1) NOIP "INCDIR(., Generated_Source\PSoC3)" FF(3) DB DF(NDEBUG) WL(2) PR(.\DP8051_Keil_951\Release/RS485_CTS_PM.lst) CD OT(8 ,Speed) OJ(.\DP8051_Keil_951\Release\RS485_CTS_PM.obj)
*** MESSAGE C286 IN LINE 0 OF (null): license limits optimization to level 5
c51.exe .\Generated_Source\PSoC3\Bootloadable.c NOIV LARGE MODDP2 OMF2 VB(1) NOIP "INCDIR(., Generated_Source\PSoC3)" FF(3) DB DF(NDEBUG) WL(2) PR(.\DP8051_Keil_951\Release/Bootloadable.lst) CD OT(8 ,Speed) OJ(.\DP8051_Keil_951\Release\Bootloadable.obj)
*** MESSAGE C286 IN LINE 0 OF (null): license limits optimization to level 5
c51.exe .\Generated_Source\PSoC3\MOTOR_ON_OFF.c NOIV LARGE MODDP2 OMF2 VB(1) NOIP "INCDIR(., Generated_Source\PSoC3)" FF(3) DB DF(NDEBUG) WL(2) PR(.\DP8051_Keil_951\Release/MOTOR_ON_OFF.lst) CD OT(8 ,Speed) OJ(.\DP8051_Keil_951\Release\MOTOR_ON_OFF.obj)
*** MESSAGE C286 IN LINE 0 OF (null): license limits optimization to level 5
c51.exe .\Generated_Source\PSoC3\MOTOR_ON_OFF_PM.c NOIV LARGE MODDP2 OMF2 VB(1) NOIP "INCDIR(., Generated_Source\PSoC3)" FF(3) DB DF(NDEBUG) WL(2) PR(.\DP8051_Keil_951\Release/MOTOR_ON_OFF_PM.lst) CD OT(8 ,Speed) OJ(.\DP8051_Keil_951\Release\MOTOR_ON_OFF_PM.obj)
*** MESSAGE C286 IN LINE 0 OF (null): license limits optimization to level 5
c51.exe .\Generated_Source\PSoC3\FTDI_ENABLE_REG.c NOIV LARGE MODDP2 OMF2 VB(1) NOIP "INCDIR(., Generated_Source\PSoC3)" FF(3) DB DF(NDEBUG) WL(2) PR(.\DP8051_Keil_951\Release/FTDI_ENABLE_REG.lst) CD OT(8 ,Speed) OJ(.\DP8051_Keil_951\Release\FTDI_ENABLE_REG.obj)
*** MESSAGE C286 IN LINE 0 OF (null): license limits optimization to level 5
c51.exe .\Generated_Source\PSoC3\FTDI_ENABLE_REG_PM.c NOIV LARGE MODDP2 OMF2 VB(1) NOIP "INCDIR(., Generated_Source\PSoC3)" FF(3) DB DF(NDEBUG) WL(2) PR(.\DP8051_Keil_951\Release/FTDI_ENABLE_REG_PM.lst) CD OT(8 ,Speed) OJ(.\DP8051_Keil_951\Release\FTDI_ENABLE_REG_PM.obj)
*** MESSAGE C286 IN LINE 0 OF (null): license limits optimization to level 5
c51.exe .\Generated_Source\PSoC3\EMG_1.c NOIV LARGE MODDP2 OMF2 VB(1) NOIP "INCDIR(., Generated_Source\PSoC3)" FF(3) DB DF(NDEBUG) WL(2) PR(.\DP8051_Keil_951\Release/EMG_1.lst) CD OT(8 ,Speed) OJ(.\DP8051_Keil_951\Release\EMG_1.obj)
*** MESSAGE C286 IN LINE 0 OF (null): license limits optimization to level 5
c51.exe .\Generated_Source\PSoC3\CURRENT_SENSE_1.c NOIV LARGE MODDP2 OMF2 VB(1) NOIP "INCDIR(., Generated_Source\PSoC3)" FF(3) DB DF(NDEBUG) WL(2) PR(.\DP8051_Keil_951\Release/CURRENT_SENSE_1.lst) CD OT(8 ,Speed) OJ(.\DP8051_Keil_951\Release\CURRENT_SENSE_1.obj)
*** MESSAGE C286 IN LINE 0 OF (null): license limits optimization to level 5
c51.exe .\Generated_Source\PSoC3\RESET_FF.c NOIV LARGE MODDP2 OMF2 VB(1) NOIP "INCDIR(., Generated_Source\PSoC3)" FF(3) DB DF(NDEBUG) WL(2) PR(.\DP8051_Keil_951\Release/RESET_FF.lst) CD OT(8 ,Speed) OJ(.\DP8051_Keil_951\Release\RESET_FF.obj)
*** MESSAGE C286 IN LINE 0 OF (null): license limits optimization to level 5
c51.exe .\Generated_Source\PSoC3\RESET_FF_PM.c NOIV LARGE MODDP2 OMF2 VB(1) NOIP "INCDIR(., Generated_Source\PSoC3)" FF(3) DB DF(NDEBUG) WL(2) PR(.\DP8051_Keil_951\Release/RESET_FF_PM.lst) CD OT(8 ,Speed) OJ(.\DP8051_Keil_951\Release\RESET_FF_PM.obj)
*** MESSAGE C286 IN LINE 0 OF (null): license limits optimization to level 5
c51.exe .\Generated_Source\PSoC3\FF_STATUS.c NOIV LARGE MODDP2 OMF2 VB(1) NOIP "INCDIR(., Generated_Source\PSoC3)" FF(3) DB DF(NDEBUG) WL(2) PR(.\DP8051_Keil_951\Release/FF_STATUS.lst) CD OT(8 ,Speed) OJ(.\DP8051_Keil_951\Release\FF_STATUS.obj)
*** MESSAGE C286 IN LINE 0 OF (null): license limits optimization to level 5
c51.exe .\Generated_Source\PSoC3\MY_TIMER.c NOIV LARGE MODDP2 OMF2 VB(1) NOIP "INCDIR(., Generated_Source\PSoC3)" FF(3) DB DF(NDEBUG) WL(2) PR(.\DP8051_Keil_951\Release/MY_TIMER.lst) CD OT(8 ,Speed) OJ(.\DP8051_Keil_951\Release\MY_TIMER.obj)
*** MESSAGE C286 IN LINE 0 OF (null): license limits optimization to level 5
c51.exe .\Generated_Source\PSoC3\MY_TIMER_PM.c NOIV LARGE MODDP2 OMF2 VB(1) NOIP "INCDIR(., Generated_Source\PSoC3)" FF(3) DB DF(NDEBUG) WL(2) PR(.\DP8051_Keil_951\Release/MY_TIMER_PM.lst) CD OT(8 ,Speed) OJ(.\DP8051_Keil_951\Release\MY_TIMER_PM.obj)
*** MESSAGE C286 IN LINE 0 OF (null): license limits optimization to level 5
c51.exe .\Generated_Source\PSoC3\timer_clock.c NOIV LARGE MODDP2 OMF2 VB(1) NOIP "INCDIR(., Generated_Source\PSoC3)" FF(3) DB DF(NDEBUG) WL(2) PR(.\DP8051_Keil_951\Release/timer_clock.lst) CD OT(8 ,Speed) OJ(.\DP8051_Keil_951\Release\timer_clock.obj)
*** MESSAGE C286 IN LINE 0 OF (null): license limits optimization to level 5
c51.exe .\Generated_Source\PSoC3\VOLTAGE_SENSE.c NOIV LARGE MODDP2 OMF2 VB(1) NOIP "INCDIR(., Generated_Source\PSoC3)" FF(3) DB DF(NDEBUG) WL(2) PR(.\DP8051_Keil_951\Release/VOLTAGE_SENSE.lst) CD OT(8 ,Speed) OJ(.\DP8051_Keil_951\Release\VOLTAGE_SENSE.obj)
*** MESSAGE C286 IN LINE 0 OF (null): license limits optimization to level 5
c51.exe .\Generated_Source\PSoC3\SHIFTREG_ENC_1.c NOIV LARGE MODDP2 OMF2 VB(1) NOIP "INCDIR(., Generated_Source\PSoC3)" FF(3) DB DF(NDEBUG) WL(2) PR(.\DP8051_Keil_951\Release/SHIFTREG_ENC_1.lst) CD OT(8 ,Speed) OJ(.\DP8051_Keil_951\Release\SHIFTREG_ENC_1.obj)
*** MESSAGE C286 IN LINE 0 OF (null): license limits optimization to level 5
c51.exe .\Generated_Source\PSoC3\SHIFTREG_ENC_1_PM.c NOIV LARGE MODDP2 OMF2 VB(1) NOIP "INCDIR(., Generated_Source\PSoC3)" FF(3) DB DF(NDEBUG) WL(2) PR(.\DP8051_Keil_951\Release/SHIFTREG_ENC_1_PM.lst) CD OT(8 ,Speed) OJ(.\DP8051_Keil_951\Release\SHIFTREG_ENC_1_PM.obj)
*** MESSAGE C286 IN LINE 0 OF (null): license limits optimization to level 5
c51.exe .\Generated_Source\PSoC3\RESET_COUNTERS.c NOIV LARGE MODDP2 OMF2 VB(1) NOIP "INCDIR(., Generated_Source\PSoC3)" FF(3) DB DF(NDEBUG) WL(2) PR(.\DP8051_Keil_951\Release/RESET_COUNTERS.lst) CD OT(8 ,Speed) OJ(.\DP8051_Keil_951\Release\RESET_COUNTERS.obj)
*** MESSAGE C286 IN LINE 0 OF (null): license limits optimization to level 5
c51.exe .\Generated_Source\PSoC3\RESET_COUNTERS_PM.c NOIV LARGE MODDP2 OMF2 VB(1) NOIP "INCDIR(., Generated_Source\PSoC3)" FF(3) DB DF(NDEBUG) WL(2) PR(.\DP8051_Keil_951\Release/RESET_COUNTERS_PM.lst) CD OT(8 ,Speed) OJ(.\DP8051_Keil_951\Release\RESET_COUNTERS_PM.obj)
*** MESSAGE C286 IN LINE 0 OF (null): license limits optimization to level 5
c51.exe .\Generated_Source\PSoC3\ADC_STATUS.c NOIV LARGE MODDP2 OMF2 VB(1) NOIP "INCDIR(., Generated_Source\PSoC3)" FF(3) DB DF(NDEBUG) WL(2) PR(.\DP8051_Keil_951\Release/ADC_STATUS.lst) CD OT(8 ,Speed) OJ(.\DP8051_Keil_951\Release\ADC_STATUS.obj)
*** MESSAGE C286 IN LINE 0 OF (null): license limits optimization to level 5
c51.exe .\Generated_Source\PSoC3\DMA_dma.c NOIV LARGE MODDP2 OMF2 VB(1) NOIP "INCDIR(., Generated_Source\PSoC3)" FF(3) DB DF(NDEBUG) WL(2) PR(.\DP8051_Keil_951\Release/DMA_dma.lst) CD OT(8 ,Speed) OJ(.\DP8051_Keil_951\Release\DMA_dma.obj)
*** MESSAGE C286 IN LINE 0 OF (null): license limits optimization to level 5
c51.exe .\Generated_Source\PSoC3\ADC_SOC.c NOIV LARGE MODDP2 OMF2 VB(1) NOIP "INCDIR(., Generated_Source\PSoC3)" FF(3) DB DF(NDEBUG) WL(2) PR(.\DP8051_Keil_951\Release/ADC_SOC.lst) CD OT(8 ,Speed) OJ(.\DP8051_Keil_951\Release\ADC_SOC.obj)
*** MESSAGE C286 IN LINE 0 OF (null): license limits optimization to level 5
c51.exe .\Generated_Source\PSoC3\ADC_SOC_PM.c NOIV LARGE MODDP2 OMF2 VB(1) NOIP "INCDIR(., Generated_Source\PSoC3)" FF(3) DB DF(NDEBUG) WL(2) PR(.\DP8051_Keil_951\Release/ADC_SOC_PM.lst) CD OT(8 ,Speed) OJ(.\DP8051_Keil_951\Release\ADC_SOC_PM.obj)
*** MESSAGE C286 IN LINE 0 OF (null): license limits optimization to level 5
c51.exe .\Generated_Source\PSoC3\WATCHDOG_CLK.c NOIV LARGE MODDP2 OMF2 VB(1) NOIP "INCDIR(., Generated_Source\PSoC3)" FF(3) DB DF(NDEBUG) WL(2) PR(.\DP8051_Keil_951\Release/WATCHDOG_CLK.lst) CD OT(8 ,Speed) OJ(.\DP8051_Keil_951\Release\WATCHDOG_CLK.obj)
*** MESSAGE C286 IN LINE 0 OF (null): license limits optimization to level 5
c51.exe .\Generated_Source\PSoC3\ISR_WATCHDOG.c NOIV LARGE MODDP2 OMF2 VB(1) NOIP "INCDIR(., Generated_Source\PSoC3)" FF(3) DB DF(NDEBUG) WL(2) PR(.\DP8051_Keil_951\Release/ISR_WATCHDOG.lst) CD OT(8 ,Speed) OJ(.\DP8051_Keil_951\Release\ISR_WATCHDOG.obj)
*** MESSAGE C286 IN LINE 0 OF (null): license limits optimization to level 5
c51.exe .\Generated_Source\PSoC3\WATCHDOG_COUNTER.c NOIV LARGE MODDP2 OMF2 VB(1) NOIP "INCDIR(., Generated_Source\PSoC3)" FF(3) DB DF(NDEBUG) WL(2) PR(.\DP8051_Keil_951\Release/WATCHDOG_COUNTER.lst) CD OT(8 ,Speed) OJ(.\DP8051_Keil_951\Release\WATCHDOG_COUNTER.obj)
*** MESSAGE C286 IN LINE 0 OF (null): license limits optimization to level 5
c51.exe .\Generated_Source\PSoC3\WATCHDOG_COUNTER_PM.c NOIV LARGE MODDP2 OMF2 VB(1) NOIP "INCDIR(., Generated_Source\PSoC3)" FF(3) DB DF(NDEBUG) WL(2) PR(.\DP8051_Keil_951\Release/WATCHDOG_COUNTER_PM.lst) CD OT(8 ,Speed) OJ(.\DP8051_Keil_951\Release\WATCHDOG_COUNTER_PM.obj)
*** MESSAGE C286 IN LINE 0 OF (null): license limits optimization to level 5
c51.exe .\Generated_Source\PSoC3\WATCHDOG_ENABLER.c NOIV LARGE MODDP2 OMF2 VB(1) NOIP "INCDIR(., Generated_Source\PSoC3)" FF(3) DB DF(NDEBUG) WL(2) PR(.\DP8051_Keil_951\Release/WATCHDOG_ENABLER.lst) CD OT(8 ,Speed) OJ(.\DP8051_Keil_951\Release\WATCHDOG_ENABLER.obj)
*** MESSAGE C286 IN LINE 0 OF (null): license limits optimization to level 5
c51.exe .\Generated_Source\PSoC3\WATCHDOG_ENABLER_PM.c NOIV LARGE MODDP2 OMF2 VB(1) NOIP "INCDIR(., Generated_Source\PSoC3)" FF(3) DB DF(NDEBUG) WL(2) PR(.\DP8051_Keil_951\Release/WATCHDOG_ENABLER_PM.lst) CD OT(8 ,Speed) OJ(.\DP8051_Keil_951\Release\WATCHDOG_ENABLER_PM.obj)
*** MESSAGE C286 IN LINE 0 OF (null): license limits optimization to level 5
c51.exe .\Generated_Source\PSoC3\WATCHDOG_REFRESH.c NOIV LARGE MODDP2 OMF2 VB(1) NOIP "INCDIR(., Generated_Source\PSoC3)" FF(3) DB DF(NDEBUG) WL(2) PR(.\DP8051_Keil_951\Release/WATCHDOG_REFRESH.lst) CD OT(8 ,Speed) OJ(.\DP8051_Keil_951\Release\WATCHDOG_REFRESH.obj)
*** MESSAGE C286 IN LINE 0 OF (null): license limits optimization to level 5
c51.exe .\Generated_Source\PSoC3\WATCHDOG_REFRESH_PM.c NOIV LARGE MODDP2 OMF2 VB(1) NOIP "INCDIR(., Generated_Source\PSoC3)" FF(3) DB DF(NDEBUG) WL(2) PR(.\DP8051_Keil_951\Release/WATCHDOG_REFRESH_PM.lst) CD OT(8 ,Speed) OJ(.\DP8051_Keil_951\Release\WATCHDOG_REFRESH_PM.obj)
*** MESSAGE C286 IN LINE 0 OF (null): license limits optimization to level 5
c51.exe .\Generated_Source\PSoC3\ADC_AMux.c NOIV LARGE MODDP2 OMF2 VB(1) NOIP "INCDIR(., Generated_Source\PSoC3)" FF(3) DB DF(NDEBUG) WL(2) PR(.\DP8051_Keil_951\Release/ADC_AMux.lst) CD OT(8 ,Speed) OJ(.\DP8051_Keil_951\Release\ADC_AMux.obj)
*** MESSAGE C286 IN LINE 0 OF (null): license limits optimization to level 5
c51.exe .\Generated_Source\PSoC3\ADC_Ext_CP_Clk.c NOIV LARGE MODDP2 OMF2 VB(1) NOIP "INCDIR(., Generated_Source\PSoC3)" FF(3) DB DF(NDEBUG) WL(2) PR(.\DP8051_Keil_951\Release/ADC_Ext_CP_Clk.lst) CD OT(8 ,Speed) OJ(.\DP8051_Keil_951\Release\ADC_Ext_CP_Clk.obj)
*** MESSAGE C286 IN LINE 0 OF (null): license limits optimization to level 5
c51.exe .\Generated_Source\PSoC3\ADC_IRQ.c NOIV LARGE MODDP2 OMF2 VB(1) NOIP "INCDIR(., Generated_Source\PSoC3)" FF(3) DB DF(NDEBUG) WL(2) PR(.\DP8051_Keil_951\Release/ADC_IRQ.lst) CD OT(8 ,Speed) OJ(.\DP8051_Keil_951\Release\ADC_IRQ.obj)
*** MESSAGE C286 IN LINE 0 OF (null): license limits optimization to level 5
c51.exe .\Generated_Source\PSoC3\ADC_theACLK.c NOIV LARGE MODDP2 OMF2 VB(1) NOIP "INCDIR(., Generated_Source\PSoC3)" FF(3) DB DF(NDEBUG) WL(2) PR(.\DP8051_Keil_951\Release/ADC_theACLK.lst) CD OT(8 ,Speed) OJ(.\DP8051_Keil_951\Release\ADC_theACLK.obj)
*** MESSAGE C286 IN LINE 0 OF (null): license limits optimization to level 5
Ax51.exe .\Generated_Source\PSoC3\CyBootAsmKeil.a51 CASE EP "INCDIR(., Generated_Source\PSoC3)" MACRO DF(NDEBUG) NOCO PR(.\DP8051_Keil_951\Release/CyBootAsmKeil.lst) OJ(.\DP8051_Keil_951\Release\CyBootAsmKeil.obj)
c51.exe .\Generated_Source\PSoC3\CyDmac.c NOIV LARGE MODDP2 OMF2 VB(1) NOIP "INCDIR(., Generated_Source\PSoC3)" FF(3) DB DF(NDEBUG) WL(2) PR(.\DP8051_Keil_951\Release/CyDmac.lst) CD OT(8 ,Speed) OJ(.\DP8051_Keil_951\Release\CyDmac.obj)
*** MESSAGE C286 IN LINE 0 OF (null): license limits optimization to level 5
c51.exe .\Generated_Source\PSoC3\CyFlash.c NOIV LARGE MODDP2 OMF2 VB(1) NOIP "INCDIR(., Generated_Source\PSoC3)" FF(3) DB DF(NDEBUG) WL(2) PR(.\DP8051_Keil_951\Release/CyFlash.lst) CD OT(8 ,Speed) OJ(.\DP8051_Keil_951\Release\CyFlash.obj)
*** MESSAGE C286 IN LINE 0 OF (null): license limits optimization to level 5
c51.exe .\Generated_Source\PSoC3\CyLib.c NOIV LARGE MODDP2 OMF2 VB(1) NOIP "INCDIR(., Generated_Source\PSoC3)" FF(3) DB DF(NDEBUG) WL(2) PR(.\DP8051_Keil_951\Release/CyLib.lst) CD OT(8 ,Speed) OJ(.\DP8051_Keil_951\Release\CyLib.obj)
*** MESSAGE C286 IN LINE 0 OF (null): license limits optimization to level 5
c51.exe .\Generated_Source\PSoC3\cyPm.c NOIV LARGE MODDP2 OMF2 VB(1) NOIP "INCDIR(., Generated_Source\PSoC3)" FF(3) DB DF(NDEBUG) WL(2) PR(.\DP8051_Keil_951\Release/cyPm.lst) CD OT(8 ,Speed) OJ(.\DP8051_Keil_951\Release\cyPm.obj)
*** MESSAGE C286 IN LINE 0 OF (null): license limits optimization to level 5
c51.exe .\Generated_Source\PSoC3\CySpc.c NOIV LARGE MODDP2 OMF2 VB(1) NOIP "INCDIR(., Generated_Source\PSoC3)" FF(3) DB DF(NDEBUG) WL(2) PR(.\DP8051_Keil_951\Release/CySpc.lst) CD OT(8 ,Speed) OJ(.\DP8051_Keil_951\Release\CySpc.obj)
*** MESSAGE C286 IN LINE 0 OF (null): license limits optimization to level 5
c51.exe .\Generated_Source\PSoC3\cyutils.c NOIV LARGE MODDP2 OMF2 VB(1) NOIP "INCDIR(., Generated_Source\PSoC3)" FF(3) DB DF(NDEBUG) WL(2) PR(.\DP8051_Keil_951\Release/cyutils.lst) CD OT(8 ,Speed) OJ(.\DP8051_Keil_951\Release\cyutils.obj)
*** MESSAGE C286 IN LINE 0 OF (null): license limits optimization to level 5
Ax51.exe .\Generated_Source\PSoC3\KeilStart.a51 CASE EP "INCDIR(., Generated_Source\PSoC3)" MACRO DF(NDEBUG) NOCO PR(.\DP8051_Keil_951\Release/KeilStart.lst) OJ(.\DP8051_Keil_951\Release\KeilStart.obj)
LIBX51.exe TRANSFER '.\DP8051_Keil_951\Release\cyfitter_cfg.obj', '.\DP8051_Keil_951\Release\MOTOR_1A.obj', '.\DP8051_Keil_951\Release\MOTOR_EN.obj', '.\DP8051_Keil_951\Release\MOTOR_2A.obj', '.\DP8051_Keil_951\Release\CLOCK_UART.obj', '.\DP8051_Keil_951\Release\ISR_RS485_RX.obj', '.\DP8051_Keil_951\Release\RS_485_EN.obj', '.\DP8051_Keil_951\Release\PWM_MOTORS.obj', '.\DP8051_Keil_951\Release\PWM_MOTORS_PM.obj', '.\DP8051_Keil_951\Release\CLOCK_PWM.obj', '.\DP8051_Keil_951\Release\Signal_1_C.obj', '.\DP8051_Keil_951\Release\EMG_2.obj', '.\DP8051_Keil_951\Release\PACER_TIMER.obj', '.\DP8051_Keil_951\Release\PACER_TIMER_PM.obj', '.\DP8051_Keil_951\Release\UART_RS485.obj', '.\DP8051_Keil_951\Release\UART_RS485_PM.obj', '.\DP8051_Keil_951\Release\UART_RS485_INT.obj', '.\DP8051_Keil_951\Release\UART_RS485_BOOT.obj', '.\DP8051_Keil_951\Release\MOTOR_1B.obj', '.\DP8051_Keil_951\Release\MOTOR_2B.obj', '.\DP8051_Keil_951\Release\MOTOR_DIR.obj', '.\DP8051_Keil_951\Release\MOTOR_DIR_PM.obj', '.\DP8051_Keil_951\Release\COUNTER_ENC.obj', '.\DP8051_Keil_951\Release\COUNTER_ENC_PM.obj', '.\DP8051_Keil_951\Release\SHIFTREG_ENC_3.obj', '.\DP8051_Keil_951\Release\SHIFTREG_ENC_3_PM.obj', '.\DP8051_Keil_951\Release\CLOCK_ENCODERS.obj', '.\DP8051_Keil_951\Release\SHIFTREG_ENC_2.obj', '.\DP8051_Keil_951\Release\SHIFTREG_ENC_2_PM.obj', '.\DP8051_Keil_951\Release\EEPROM.obj', '.\DP8051_Keil_951\Release\USB_VDD.obj', '.\DP8051_Keil_951\Release\FTDI_ENABLE.obj', '.\DP8051_Keil_951\Release\Signal_1_B.obj', '.\DP8051_Keil_951\Release\LED_REG.obj', '.\DP8051_Keil_951\Release\LED_REG_PM.obj', '.\DP8051_Keil_951\Release\LED.obj', '.\DP8051_Keil_951\Release\ADC.obj', '.\DP8051_Keil_951\Release\ADC_PM.obj', '.\DP8051_Keil_951\Release\ADC_INT.obj', '.\DP8051_Keil_951\Release\BOARD_LED.obj', '.\DP8051_Keil_951\Release\Signal_1_A.obj', '.\DP8051_Keil_951\Release\RS485_CTS.obj', '.\DP8051_Keil_951\Release\RS485_CTS_PM.obj', '.\DP8051_Keil_951\Release\Bootloadable.obj', '.\DP8051_Keil_951\Release\MOTOR_ON_OFF.obj', '.\DP8051_Keil_951\Release\MOTOR_ON_OFF_PM.obj', '.\DP8051_Keil_951\Release\FTDI_ENABLE_REG.obj', '.\DP8051_Keil_951\Release\FTDI_ENABLE_REG_PM.obj', '.\DP8051_Keil_951\Release\EMG_1.obj', '.\DP8051_Keil_951\Release\CURRENT_SENSE_1.obj', '.\DP8051_Keil_951\Release\RESET_FF.obj', '.\DP8051_Keil_951\Release\RESET_FF_PM.obj', '.\DP8051_Keil_951\Release\FF_STATUS.obj', '.\DP8051_Keil_951\Release\MY_TIMER.obj', '.\DP8051_Keil_951\Release\MY_TIMER_PM.obj', '.\DP8051_Keil_951\Release\timer_clock.obj', '.\DP8051_Keil_951\Release\VOLTAGE_SENSE.obj', '.\DP8051_Keil_951\Release\SHIFTREG_ENC_1.obj', '.\DP8051_Keil_951\Release\SHIFTREG_ENC_1_PM.obj', '.\DP8051_Keil_951\Release\RESET_COUNTERS.obj', '.\DP8051_Keil_951\Release\RESET_COUNTERS_PM.obj', '.\DP8051_Keil_951\Release\ADC_STATUS.obj', '.\DP8051_Keil_951\Release\DMA_dma.obj', '.\DP8051_Keil_951\Release\ADC_SOC.obj', '.\DP8051_Keil_951\Release\ADC_SOC_PM.obj', '.\DP8051_Keil_951\Release\WATCHDOG_CLK.obj', '.\DP8051_Keil_951\Release\ISR_WATCHDOG.obj', '.\DP8051_Keil_951\Release\WATCHDOG_COUNTER.obj', '.\DP8051_Keil_951\Release\WATCHDOG_COUNTER_PM.obj', '.\DP8051_Keil_951\Release\WATCHDOG_ENABLER.obj', '.\DP8051_Keil_951\Release\WATCHDOG_ENABLER_PM.obj', '.\DP8051_Keil_951\Release\WATCHDOG_REFRESH.obj', '.\DP8051_Keil_951\Release\WATCHDOG_REFRESH_PM.obj', '.\DP8051_Keil_951\Release\ADC_AMux.obj', '.\DP8051_Keil_951\Release\ADC_Ext_CP_Clk.obj', '.\DP8051_Keil_951\Release\ADC_IRQ.obj', '.\DP8051_Keil_951\Release\ADC_theACLK.obj', '.\DP8051_Keil_951\Release\CyBootAsmKeil.obj', '.\DP8051_Keil_951\Release\CyDmac.obj', '.\DP8051_Keil_951\Release\CyFlash.obj', '.\DP8051_Keil_951\Release\CyLib.obj', '.\DP8051_Keil_951\Release\cymem.obj', '.\DP8051_Keil_951\Release\cyPm.obj', '.\DP8051_Keil_951\Release\CySpc.obj', '.\DP8051_Keil_951\Release\cyutils.obj', '.\DP8051_Keil_951\Release\KeilStart.obj' TO '.\DP8051_Keil_951\Release\hand_firmware_micro.lib'
LX51.exe '.\DP8051_Keil_951\Release\command_processing.obj', '.\DP8051_Keil_951\Release\globals.obj', '.\DP8051_Keil_951\Release\interruptions.obj', '.\DP8051_Keil_951\Release\main.obj', '.\DP8051_Keil_951\Release\utils.obj', '.\DP8051_Keil_951\Release\hand_firmware_micro.lib', 'C:\Program Files (x86)\Cypress\PSoC Creator\3.3\PSoC Creator\psoc\content\cycomponentlibrary\CyComponentLibrary.cylib\DP8051\DP8051_Keil_951\Release\CyComponentLibrary.lib' TO '.\DP8051_Keil_951\Release\hand_firmware_micro.omf' CODE RU RC(10) DW(16) WL(2) PR(.\DP8051_Keil_951\Release/hand_firmware_micro.map) IX CL(XDATA(X:0x0000-X:0x1FFF)) CL(CODE(C:0x2600-C:0xFFBF)) CL(CONST(C:0x2600-C:0xFFBF))
Program Size: data=102.1 xdata=3556 const=2363 code=43229
OHx51.exe hand_firmware_micro.omf HEXFILE(hand_firmware_micro.ihx)
c8051-elf-omf2elf.exe hand_firmware_micro.omf hand_firmware_micro.elf
cysymboladdressfinder.exe -f .\DP8051_Keil_951\Release\hand_firmware_micro.elf -s STARTUP1 -p .\DP8051_Keil_951\Release\entryaddress.txt -l FF0000
cyhextool -o .\DP8051_Keil_951\Release\hand_firmware_micro.cyacd -f .\DP8051_Keil_951\Release\hand_firmware_micro.ihx -flsLine 256 -arraySize 65536 -id 1E093069 -rev 3 -ecc .\Generated_Source\PSoC3\config.hex -metaRow 0 -blver 000000000000000000000000000000000000 -chksumEcc -blChkType 0 -endian b -a EEPROM=90200000:800,PROGRAM=00000000:10000,CONFIG=80000000:2000,PROTECT=90400000:40 -acd -acdStart 2600 -e .\DP8051_Keil_951\Release\entryaddress.txt
cyhextool -o .\DP8051_Keil_951\Release\hand_firmware_micro.hex -flsLine 256 -arraySize 65536 -bl ..\bootloader_bin\bootloader.hex -blver 000000000000000000000000000000000000 -chksumEcc -blChkType 0 -endian b -prot .\Generated_Source\PSoC3\protect.hex -id 1E093069 -a EEPROM=90200000:800,PROGRAM=00000000:10000,CONFIG=80000000:2000,PROTECT=90400000:40 -meta 0301 -cunv 0800C007 -wonv BC90ACAF -ecc .\Generated_Source\PSoC3\config.hex -ld .\DP8051_Keil_951\Release\hand_firmware_micro.ihx=2600:D9BF -acdStart 2600 -e .\DP8051_Keil_951\Release\entryaddress.txt
Flash used: 55552 of 65536 bytes (84.8%). Bootloader: 9728 bytes. Application: 45568 bytes. Metadata: 256 bytes.
SRAM used: 3556 of 8192 bytes (43.4%).
--------------- Build Succeeded: 06/30/2017 11:56:03 ---------------
