C51 COMPILER V9.51   GLOBALS                                                               01/26/2017 09:18:20 PAGE 1   


C51 COMPILER V9.51, COMPILATION OF MODULE GLOBALS
OBJECT MODULE PLACED IN .\DP8051_Keil_951\Release\globals.obj
COMPILER INVOKED BY: C:\Program Files (x86)\Cypress\PSoC Creator\3.3\PSoC Creator\import\keil\pk51\9.51\C51\BIN\c51.exe 
                    -.\globals.c NOIV LARGE MODDP2 OMF2 VB(1) NOIP INCDIR(.,Generated_Source\PSoC3) FF(3) DB DF(NDEBUG) WL(2) PR(.\DP8051_Kei
                    -l_951\Release/globals.lst) CD OT(8,SPEED) OJ(.\DP8051_Keil_951\Release\globals.obj)

line level    source

*** MESSAGE C286 IN LINE 0 OF (null): license limits optimization to level 5
   1          // ----------------------------------------------------------------------------
   2          // Copyright (C)  qbrobotics. All rights reserved.
   3          // www.qbrobotics.com
   4          // ----------------------------------------------------------------------------
   5          
   6          /**
   7          * \file         globals.c
   8          *
   9          * \brief        Global variables.
  10          * \date         June 06, 2016
  11          * \author       _qbrobotics_
  12          * \copyright    (C)  qbrobotics. All rights reserved.
  13          */
  14          
  15          //=================================================================     includes
  16          #include <globals.h>
  17          
  18          //=============================================      global variables definition
  19          
  20          
  21          struct st_ref   g_ref, g_refNew, g_refOld;  // motor variables
  22          struct st_meas  g_meas, g_measOld;          // measurements
  23          struct st_data  g_rx;                       // income data
  24          struct st_mem   g_mem, c_mem;               // memory
  25          struct st_calib calib;
  26          
  27          float tau_feedback;
  28          
  29          // Timer value for debug field
  30          
  31          uint32 timer_value;
  32          uint32 timer_value0;
  33          float cycle_time;
  34          
  35          // Device Data
  36          
  37          int32   dev_tension;                // Power supply tension
  38          uint8   dev_pwm_limit;
  39          
  40          // Bit Flag
  41          
  42          CYBIT reset_last_value_flag;
  43          CYBIT tension_valid;
  44          CYBIT interrupt_flag = FALSE;
  45          CYBIT watchdog_flag = FALSE;
  46          
  47          // DMA Buffer
  48          
  49          int16 ADC_buf[4]; 
  50          
  51          // PWM value
  52          int8 pwm_sign;
C51 COMPILER V9.51   GLOBALS                                                               01/26/2017 09:18:20 PAGE 2   

  53          
  54          // KOREA mod. version
  55          uint8 normally_closed_mode = 0;              // Korea hand has normally opened mode at startup
  56          
  57          /* END OF FILE */
C51 COMPILER V9.51   GLOBALS                                                               01/26/2017 09:18:20 PAGE 3   

ASSEMBLY LISTING OF GENERATED OBJECT CODE




MODULE INFORMATION:   STATIC OVERLAYABLE
   CODE SIZE        =   ----    ----
   CONSTANT SIZE    =   ----    ----
   XDATA SIZE       =    655    ----
   PDATA SIZE       =   ----    ----
   DATA SIZE        =   ----    ----
   IDATA SIZE       =   ----    ----
   BIT SIZE         =      4    ----
   EDATA SIZE       =   ----    ----
   HDATA SIZE       =   ----    ----
   XDATA CONST SIZE =   ----    ----
   FAR CONST SIZE   =   ----    ----
END OF MODULE INFORMATION.


C51 COMPILATION COMPLETE.  0 WARNING(S),  0 ERROR(S)
