C51 COMPILER V9.51   LED_BLINK                                                             01/26/2018 17:28:07 PAGE 1   


C51 COMPILER V9.51, COMPILATION OF MODULE LED_BLINK
OBJECT MODULE PLACED IN .\DP8051_Keil_951\Release\LED_BLINK.obj
COMPILER INVOKED BY: C:\Program Files (x86)\Cypress\PSoC Creator\4.1\PSoC Creator\import\keil\pk51\9.51\C51\BIN\c51.exe 
                    -Generated_Source\PSoC3\LED_BLINK.c NOIV LARGE MODDP2 OMF2 VB(1) NOIP INCDIR(.,Generated_Source\PSoC3) FF(3) DB DF(NDEBUG
                    -) WL(2) PR(.\DP8051_Keil_951\Release/LED_BLINK.lst) CD OT(8,SPEED) OJ(.\DP8051_Keil_951\Release\LED_BLINK.obj)

line level    source

*** MESSAGE C286 IN LINE 0 OF (null): license limits optimization to level 5
   1          /*******************************************************************************
   2          * File Name: LED_BLINK.c
   3          * Version 3.30
   4          *
   5          * Description:
   6          *  The PWM User Module consist of an 8 or 16-bit counter with two 8 or 16-bit
   7          *  comparitors. Each instance of this user module is capable of generating
   8          *  two PWM outputs with the same period. The pulse width is selectable between
   9          *  1 and 255/65535. The period is selectable between 2 and 255/65536 clocks.
  10          *  The compare value output may be configured to be active when the present
  11          *  counter is less than or less than/equal to the compare value.
  12          *  A terminal count output is also provided. It generates a pulse one clock
  13          *  width wide when the counter is equal to zero.
  14          *
  15          * Note:
  16          *
  17          *******************************************************************************
  18          * Copyright 2008-2014, Cypress Semiconductor Corporation.  All rights reserved.
  19          * You may use this file only in accordance with the license, terms, conditions,
  20          * disclaimers, and limitations in the end user license agreement accompanying
  21          * the software package with which this file was provided.
  22          ********************************************************************************/
  23          
  24          #include "LED_BLINK.h"
  25          
  26          /* Error message for removed <resource> through optimization */
  27          #ifdef LED_BLINK_PWMUDB_genblk1_ctrlreg__REMOVED
                  #error PWM_v3_30 detected with a constant 0 for the enable or \
                       constant 1 for reset. This will prevent the component from operating.
              #endif /* LED_BLINK_PWMUDB_genblk1_ctrlreg__REMOVED */
  31          
  32          uint8 LED_BLINK_initVar = 0u;
  33          
  34          
  35          /*******************************************************************************
  36          * Function Name: LED_BLINK_Start
  37          ********************************************************************************
  38          *
  39          * Summary:
  40          *  The start function initializes the pwm with the default values, the
  41          *  enables the counter to begin counting.  It does not enable interrupts,
  42          *  the EnableInt command should be called if interrupt generation is required.
  43          *
  44          * Parameters:
  45          *  None
  46          *
  47          * Return:
  48          *  None
  49          *
  50          * Global variables:
  51          *  LED_BLINK_initVar: Is modified when this function is called for the
  52          *   first time. Is used to ensure that initialization happens only once.
C51 COMPILER V9.51   LED_BLINK                                                             01/26/2018 17:28:07 PAGE 2   

  53          *
  54          *******************************************************************************/
  55          void LED_BLINK_Start(void) 
  56          {
  57   1          /* If not Initialized then initialize all required hardware and software */
  58   1          if(LED_BLINK_initVar == 0u)
  59   1          {
  60   2              LED_BLINK_Init();
  61   2              LED_BLINK_initVar = 1u;
  62   2          }
  63   1          LED_BLINK_Enable();
  64   1      
  65   1      }
  66          
  67          
  68          /*******************************************************************************
  69          * Function Name: LED_BLINK_Init
  70          ********************************************************************************
  71          *
  72          * Summary:
  73          *  Initialize component's parameters to the parameters set by user in the
  74          *  customizer of the component placed onto schematic. Usually called in
  75          *  LED_BLINK_Start().
  76          *
  77          * Parameters:
  78          *  None
  79          *
  80          * Return:
  81          *  None
  82          *
  83          *******************************************************************************/
  84          void LED_BLINK_Init(void) 
  85          {
  86   1          #if (LED_BLINK_UsingFixedFunction || LED_BLINK_UseControl)
  87   1              uint8 ctrl;
  88   1          #endif /* (LED_BLINK_UsingFixedFunction || LED_BLINK_UseControl) */
  89   1      
  90   1          #if(!LED_BLINK_UsingFixedFunction)
  91   1              #if(LED_BLINK_UseStatus)
                          /* Interrupt State Backup for Critical Region*/
                          uint8 LED_BLINK_interruptState;
                      #endif /* (LED_BLINK_UseStatus) */
  95   1          #endif /* (!LED_BLINK_UsingFixedFunction) */
  96   1      
  97   1          #if (LED_BLINK_UsingFixedFunction)
                      /* You are allowed to write the compare value (FF only) */
                      LED_BLINK_CONTROL |= LED_BLINK_CFG0_MODE;
                      #if (LED_BLINK_DeadBand2_4)
                          LED_BLINK_CONTROL |= LED_BLINK_CFG0_DB;
                      #endif /* (LED_BLINK_DeadBand2_4) */
              
                      ctrl = LED_BLINK_CONTROL3 & ((uint8 )(~LED_BLINK_CTRL_CMPMODE1_MASK));
                      LED_BLINK_CONTROL3 = ctrl | LED_BLINK_DEFAULT_COMPARE1_MODE;
              
                       /* Clear and Set SYNCTC and SYNCCMP bits of RT1 register */
                      LED_BLINK_RT1 &= ((uint8)(~LED_BLINK_RT1_MASK));
                      LED_BLINK_RT1 |= LED_BLINK_SYNC;
              
                      /*Enable DSI Sync all all inputs of the PWM*/
                      LED_BLINK_RT1 &= ((uint8)(~LED_BLINK_SYNCDSI_MASK));
                      LED_BLINK_RT1 |= LED_BLINK_SYNCDSI_EN;
              
C51 COMPILER V9.51   LED_BLINK                                                             01/26/2018 17:28:07 PAGE 3   

                  #elif (LED_BLINK_UseControl)
 116   1              /* Set the default compare mode defined in the parameter */
 117   1              ctrl = LED_BLINK_CONTROL & ((uint8)(~LED_BLINK_CTRL_CMPMODE2_MASK)) &
 118   1                      ((uint8)(~LED_BLINK_CTRL_CMPMODE1_MASK));
 119   1              LED_BLINK_CONTROL = ctrl | LED_BLINK_DEFAULT_COMPARE2_MODE |
 120   1                                         LED_BLINK_DEFAULT_COMPARE1_MODE;
 121   1          #endif /* (LED_BLINK_UsingFixedFunction) */
 122   1      
 123   1          #if (!LED_BLINK_UsingFixedFunction)
 124   1              #if (LED_BLINK_Resolution == 8)
 125   1                  /* Set FIFO 0 to 1 byte register for period*/
 126   1                  LED_BLINK_AUX_CONTROLDP0 |= (LED_BLINK_AUX_CTRL_FIFO0_CLR);
 127   1              #else /* (LED_BLINK_Resolution == 16)*/
                          /* Set FIFO 0 to 1 byte register for period */
                          LED_BLINK_AUX_CONTROLDP0 |= (LED_BLINK_AUX_CTRL_FIFO0_CLR);
                          LED_BLINK_AUX_CONTROLDP1 |= (LED_BLINK_AUX_CTRL_FIFO0_CLR);
                      #endif /* (LED_BLINK_Resolution == 8) */
 132   1      
 133   1              LED_BLINK_WriteCounter(LED_BLINK_INIT_PERIOD_VALUE);
 134   1          #endif /* (!LED_BLINK_UsingFixedFunction) */
 135   1      
 136   1          LED_BLINK_WritePeriod(LED_BLINK_INIT_PERIOD_VALUE);
 137   1      
 138   1              #if (LED_BLINK_UseOneCompareMode)
 139   1                  LED_BLINK_WriteCompare(LED_BLINK_INIT_COMPARE_VALUE1);
 140   1              #else
                          LED_BLINK_WriteCompare1(LED_BLINK_INIT_COMPARE_VALUE1);
                          LED_BLINK_WriteCompare2(LED_BLINK_INIT_COMPARE_VALUE2);
                      #endif /* (LED_BLINK_UseOneCompareMode) */
 144   1      
 145   1              #if (LED_BLINK_KillModeMinTime)
                          LED_BLINK_WriteKillTime(LED_BLINK_MinimumKillTime);
                      #endif /* (LED_BLINK_KillModeMinTime) */
 148   1      
 149   1              #if (LED_BLINK_DeadBandUsed)
                          LED_BLINK_WriteDeadTime(LED_BLINK_INIT_DEAD_TIME);
                      #endif /* (LED_BLINK_DeadBandUsed) */
 152   1      
 153   1          #if (LED_BLINK_UseStatus || LED_BLINK_UsingFixedFunction)
                      LED_BLINK_SetInterruptMode(LED_BLINK_INIT_INTERRUPTS_MODE);
                  #endif /* (LED_BLINK_UseStatus || LED_BLINK_UsingFixedFunction) */
 156   1      
 157   1          #if (LED_BLINK_UsingFixedFunction)
                      /* Globally Enable the Fixed Function Block chosen */
                      LED_BLINK_GLOBAL_ENABLE |= LED_BLINK_BLOCK_EN_MASK;
                      /* Set the Interrupt source to come from the status register */
                      LED_BLINK_CONTROL2 |= LED_BLINK_CTRL2_IRQ_SEL;
                  #else
 163   1              #if(LED_BLINK_UseStatus)
              
                          /* CyEnterCriticalRegion and CyExitCriticalRegion are used to mark following region critical*/
                          /* Enter Critical Region*/
                          LED_BLINK_interruptState = CyEnterCriticalSection();
                          /* Use the interrupt output of the status register for IRQ output */
                          LED_BLINK_STATUS_AUX_CTRL |= LED_BLINK_STATUS_ACTL_INT_EN_MASK;
              
                           /* Exit Critical Region*/
                          CyExitCriticalSection(LED_BLINK_interruptState);
              
                          /* Clear the FIFO to enable the LED_BLINK_STATUS_FIFOFULL
                                 bit to be set on FIFO full. */
                          LED_BLINK_ClearFIFO();
C51 COMPILER V9.51   LED_BLINK                                                             01/26/2018 17:28:07 PAGE 4   

                      #endif /* (LED_BLINK_UseStatus) */
 178   1          #endif /* (LED_BLINK_UsingFixedFunction) */
 179   1      }
 180          
 181          
 182          /*******************************************************************************
 183          * Function Name: LED_BLINK_Enable
 184          ********************************************************************************
 185          *
 186          * Summary:
 187          *  Enables the PWM block operation
 188          *
 189          * Parameters:
 190          *  None
 191          *
 192          * Return:
 193          *  None
 194          *
 195          * Side Effects:
 196          *  This works only if software enable mode is chosen
 197          *
 198          *******************************************************************************/
 199          void LED_BLINK_Enable(void) 
 200          {
 201   1          /* Globally Enable the Fixed Function Block chosen */
 202   1          #if (LED_BLINK_UsingFixedFunction)
                      LED_BLINK_GLOBAL_ENABLE |= LED_BLINK_BLOCK_EN_MASK;
                      LED_BLINK_GLOBAL_STBY_ENABLE |= LED_BLINK_BLOCK_STBY_EN_MASK;
                  #endif /* (LED_BLINK_UsingFixedFunction) */
 206   1      
 207   1          /* Enable the PWM from the control register  */
 208   1          #if (LED_BLINK_UseControl || LED_BLINK_UsingFixedFunction)
 209   1              LED_BLINK_CONTROL |= LED_BLINK_CTRL_ENABLE;
 210   1          #endif /* (LED_BLINK_UseControl || LED_BLINK_UsingFixedFunction) */
 211   1      }
 212          
 213          
 214          /*******************************************************************************
 215          * Function Name: LED_BLINK_Stop
 216          ********************************************************************************
 217          *
 218          * Summary:
 219          *  The stop function halts the PWM, but does not change any modes or disable
 220          *  interrupts.
 221          *
 222          * Parameters:
 223          *  None
 224          *
 225          * Return:
 226          *  None
 227          *
 228          * Side Effects:
 229          *  If the Enable mode is set to Hardware only then this function
 230          *  has no effect on the operation of the PWM
 231          *
 232          *******************************************************************************/
 233          void LED_BLINK_Stop(void) 
 234          {
 235   1          #if (LED_BLINK_UseControl || LED_BLINK_UsingFixedFunction)
 236   1              LED_BLINK_CONTROL &= ((uint8)(~LED_BLINK_CTRL_ENABLE));
 237   1          #endif /* (LED_BLINK_UseControl || LED_BLINK_UsingFixedFunction) */
 238   1      
C51 COMPILER V9.51   LED_BLINK                                                             01/26/2018 17:28:07 PAGE 5   

 239   1          /* Globally disable the Fixed Function Block chosen */
 240   1          #if (LED_BLINK_UsingFixedFunction)
                      LED_BLINK_GLOBAL_ENABLE &= ((uint8)(~LED_BLINK_BLOCK_EN_MASK));
                      LED_BLINK_GLOBAL_STBY_ENABLE &= ((uint8)(~LED_BLINK_BLOCK_STBY_EN_MASK));
                  #endif /* (LED_BLINK_UsingFixedFunction) */
 244   1      }
 245          
 246          #if (LED_BLINK_UseOneCompareMode)
 247              #if (LED_BLINK_CompareMode1SW)
              
              
                      /*******************************************************************************
                      * Function Name: LED_BLINK_SetCompareMode
                      ********************************************************************************
                      *
                      * Summary:
                      *  This function writes the Compare Mode for the pwm output when in Dither mode,
                      *  Center Align Mode or One Output Mode.
                      *
                      * Parameters:
                      *  comparemode:  The new compare mode for the PWM output. Use the compare types
                      *                defined in the H file as input arguments.
                      *
                      * Return:
                      *  None
                      *
                      *******************************************************************************/
                      void LED_BLINK_SetCompareMode(uint8 comparemode) 
                      {
                          #if(LED_BLINK_UsingFixedFunction)
              
                              #if(0 != LED_BLINK_CTRL_CMPMODE1_SHIFT)
                                  uint8 comparemodemasked = ((uint8)((uint8)comparemode << LED_BLINK_CTRL_CMPMODE1_SHIFT
             -));
                              #else
                                  uint8 comparemodemasked = comparemode;
                              #endif /* (0 != LED_BLINK_CTRL_CMPMODE1_SHIFT) */
              
                              LED_BLINK_CONTROL3 &= ((uint8)(~LED_BLINK_CTRL_CMPMODE1_MASK)); /*Clear Existing Data */
                              LED_BLINK_CONTROL3 |= comparemodemasked;
              
                          #elif (LED_BLINK_UseControl)
              
                              #if(0 != LED_BLINK_CTRL_CMPMODE1_SHIFT)
                                  uint8 comparemode1masked = ((uint8)((uint8)comparemode << LED_BLINK_CTRL_CMPMODE1_SHIF
             -T)) &
                                                              LED_BLINK_CTRL_CMPMODE1_MASK;
                              #else
                                  uint8 comparemode1masked = comparemode & LED_BLINK_CTRL_CMPMODE1_MASK;
                              #endif /* (0 != LED_BLINK_CTRL_CMPMODE1_SHIFT) */
              
                              #if(0 != LED_BLINK_CTRL_CMPMODE2_SHIFT)
                                  uint8 comparemode2masked = ((uint8)((uint8)comparemode << LED_BLINK_CTRL_CMPMODE2_SHIF
             -T)) &
                                                             LED_BLINK_CTRL_CMPMODE2_MASK;
                              #else
                                  uint8 comparemode2masked = comparemode & LED_BLINK_CTRL_CMPMODE2_MASK;
                              #endif /* (0 != LED_BLINK_CTRL_CMPMODE2_SHIFT) */
              
                              /*Clear existing mode */
                              LED_BLINK_CONTROL &= ((uint8)(~(LED_BLINK_CTRL_CMPMODE1_MASK |
                                                          LED_BLINK_CTRL_CMPMODE2_MASK)));
C51 COMPILER V9.51   LED_BLINK                                                             01/26/2018 17:28:07 PAGE 6   

                              LED_BLINK_CONTROL |= (comparemode1masked | comparemode2masked);
              
                          #else
                              uint8 temp = comparemode;
                          #endif /* (LED_BLINK_UsingFixedFunction) */
                      }
                  #endif /* LED_BLINK_CompareMode1SW */
 305          
 306          #else /* UseOneCompareMode */
              
                  #if (LED_BLINK_CompareMode1SW)
              
              
                      /*******************************************************************************
                      * Function Name: LED_BLINK_SetCompareMode1
                      ********************************************************************************
                      *
                      * Summary:
                      *  This function writes the Compare Mode for the pwm or pwm1 output
                      *
                      * Parameters:
                      *  comparemode:  The new compare mode for the PWM output. Use the compare types
                      *                defined in the H file as input arguments.
                      *
                      * Return:
                      *  None
                      *
                      *******************************************************************************/
                      void LED_BLINK_SetCompareMode1(uint8 comparemode) 
                      {
                          #if(0 != LED_BLINK_CTRL_CMPMODE1_SHIFT)
                              uint8 comparemodemasked = ((uint8)((uint8)comparemode << LED_BLINK_CTRL_CMPMODE1_SHIFT)) &
                                                         LED_BLINK_CTRL_CMPMODE1_MASK;
                          #else
                              uint8 comparemodemasked = comparemode & LED_BLINK_CTRL_CMPMODE1_MASK;
                          #endif /* (0 != LED_BLINK_CTRL_CMPMODE1_SHIFT) */
              
                          #if (LED_BLINK_UseControl)
                              LED_BLINK_CONTROL &= ((uint8)(~LED_BLINK_CTRL_CMPMODE1_MASK)); /*Clear existing mode */
                              LED_BLINK_CONTROL |= comparemodemasked;
                          #endif /* (LED_BLINK_UseControl) */
                      }
                  #endif /* LED_BLINK_CompareMode1SW */
              
              #if (LED_BLINK_CompareMode2SW)
              
              
                  /*******************************************************************************
                  * Function Name: LED_BLINK_SetCompareMode2
                  ********************************************************************************
                  *
                  * Summary:
                  *  This function writes the Compare Mode for the pwm or pwm2 output
                  *
                  * Parameters:
                  *  comparemode:  The new compare mode for the PWM output. Use the compare types
                  *                defined in the H file as input arguments.
                  *
                  * Return:
                  *  None
                  *
                  *******************************************************************************/
C51 COMPILER V9.51   LED_BLINK                                                             01/26/2018 17:28:07 PAGE 7   

                  void LED_BLINK_SetCompareMode2(uint8 comparemode) 
                  {
              
                      #if(0 != LED_BLINK_CTRL_CMPMODE2_SHIFT)
                          uint8 comparemodemasked = ((uint8)((uint8)comparemode << LED_BLINK_CTRL_CMPMODE2_SHIFT)) &
                                                               LED_BLINK_CTRL_CMPMODE2_MASK;
                      #else
                          uint8 comparemodemasked = comparemode & LED_BLINK_CTRL_CMPMODE2_MASK;
                      #endif /* (0 != LED_BLINK_CTRL_CMPMODE2_SHIFT) */
              
                      #if (LED_BLINK_UseControl)
                          LED_BLINK_CONTROL &= ((uint8)(~LED_BLINK_CTRL_CMPMODE2_MASK)); /*Clear existing mode */
                          LED_BLINK_CONTROL |= comparemodemasked;
                      #endif /* (LED_BLINK_UseControl) */
                  }
                  #endif /*LED_BLINK_CompareMode2SW */
              
              #endif /* UseOneCompareMode */
 378          
 379          
 380          #if (!LED_BLINK_UsingFixedFunction)
 381          
 382          
 383              /*******************************************************************************
 384              * Function Name: LED_BLINK_WriteCounter
 385              ********************************************************************************
 386              *
 387              * Summary:
 388              *  Writes a new counter value directly to the counter register. This will be
 389              *  implemented for that currently running period and only that period. This API
 390              *  is valid only for UDB implementation and not available for fixed function
 391              *  PWM implementation.
 392              *
 393              * Parameters:
 394              *  counter:  The period new period counter value.
 395              *
 396              * Return:
 397              *  None
 398              *
 399              * Side Effects:
 400              *  The PWM Period will be reloaded when a counter value will be a zero
 401              *
 402              *******************************************************************************/
 403              void LED_BLINK_WriteCounter(uint8 counter) \
 404                                                 
 405              {
 406   1              CY_SET_REG8(LED_BLINK_COUNTER_LSB_PTR, counter);
 407   1          }
 408          
 409          
 410              /*******************************************************************************
 411              * Function Name: LED_BLINK_ReadCounter
 412              ********************************************************************************
 413              *
 414              * Summary:
 415              *  This function returns the current value of the counter.  It doesn't matter
 416              *  if the counter is enabled or running.
 417              *
 418              * Parameters:
 419              *  None
 420              *
 421              * Return:
C51 COMPILER V9.51   LED_BLINK                                                             01/26/2018 17:28:07 PAGE 8   

 422              *  The current value of the counter.
 423              *
 424              *******************************************************************************/
 425              uint8 LED_BLINK_ReadCounter(void) 
 426              {
 427   1              /* Force capture by reading Accumulator */
 428   1              /* Must first do a software capture to be able to read the counter */
 429   1              /* It is up to the user code to make sure there isn't already captured data in the FIFO */
 430   1                (void)CY_GET_REG8(LED_BLINK_COUNTERCAP_LSB_PTR_8BIT);
 431   1      
 432   1              /* Read the data from the FIFO */
 433   1              return (CY_GET_REG8(LED_BLINK_CAPTURE_LSB_PTR));
 434   1          }
 435          
 436              #if (LED_BLINK_UseStatus)
              
              
                      /*******************************************************************************
                      * Function Name: LED_BLINK_ClearFIFO
                      ********************************************************************************
                      *
                      * Summary:
                      *  This function clears all capture data from the capture FIFO
                      *
                      * Parameters:
                      *  None
                      *
                      * Return:
                      *  None
                      *
                      *******************************************************************************/
                      void LED_BLINK_ClearFIFO(void) 
                      {
                          while(0u != (LED_BLINK_ReadStatusRegister() & LED_BLINK_STATUS_FIFONEMPTY))
                          {
                              (void)LED_BLINK_ReadCapture();
                          }
                      }
              
                  #endif /* LED_BLINK_UseStatus */
 462          
 463          #endif /* !LED_BLINK_UsingFixedFunction */
 464          
 465          
 466          /*******************************************************************************
 467          * Function Name: LED_BLINK_WritePeriod
 468          ********************************************************************************
 469          *
 470          * Summary:
 471          *  This function is used to change the period of the counter.  The new period
 472          *  will be loaded the next time terminal count is detected.
 473          *
 474          * Parameters:
 475          *  period:  Period value. May be between 1 and (2^Resolution)-1.  A value of 0
 476          *           will result in the counter remaining at zero.
 477          *
 478          * Return:
 479          *  None
 480          *
 481          *******************************************************************************/
 482          void LED_BLINK_WritePeriod(uint8 period) 
 483          {
C51 COMPILER V9.51   LED_BLINK                                                             01/26/2018 17:28:07 PAGE 9   

 484   1          #if(LED_BLINK_UsingFixedFunction)
                      CY_SET_REG16(LED_BLINK_PERIOD_LSB_PTR, (uint16)period);
                  #else
 487   1              CY_SET_REG8(LED_BLINK_PERIOD_LSB_PTR, period);
 488   1          #endif /* (LED_BLINK_UsingFixedFunction) */
 489   1      }
 490          
 491          #if (LED_BLINK_UseOneCompareMode)
 492          
 493          
 494              /*******************************************************************************
 495              * Function Name: LED_BLINK_WriteCompare
 496              ********************************************************************************
 497              *
 498              * Summary:
 499              *  This funtion is used to change the compare1 value when the PWM is in Dither
 500              *  mode. The compare output will reflect the new value on the next UDB clock.
 501              *  The compare output will be driven high when the present counter value is
 502              *  compared to the compare value based on the compare mode defined in
 503              *  Dither Mode.
 504              *
 505              * Parameters:
 506              *  compare:  New compare value.
 507              *
 508              * Return:
 509              *  None
 510              *
 511              * Side Effects:
 512              *  This function is only available if the PWM mode parameter is set to
 513              *  Dither Mode, Center Aligned Mode or One Output Mode
 514              *
 515              *******************************************************************************/
 516              void LED_BLINK_WriteCompare(uint8 compare) \
 517                                                 
 518              {
 519   1              #if(LED_BLINK_UsingFixedFunction)
                          CY_SET_REG16(LED_BLINK_COMPARE1_LSB_PTR, (uint16)compare);
                      #else
 522   1                  CY_SET_REG8(LED_BLINK_COMPARE1_LSB_PTR, compare);
 523   1              #endif /* (LED_BLINK_UsingFixedFunction) */
 524   1      
 525   1              #if (LED_BLINK_PWMMode == LED_BLINK__B_PWM__DITHER)
                          #if(LED_BLINK_UsingFixedFunction)
                              CY_SET_REG16(LED_BLINK_COMPARE2_LSB_PTR, (uint16)(compare + 1u));
                          #else
                              CY_SET_REG8(LED_BLINK_COMPARE2_LSB_PTR, (compare + 1u));
                          #endif /* (LED_BLINK_UsingFixedFunction) */
                      #endif /* (LED_BLINK_PWMMode == LED_BLINK__B_PWM__DITHER) */
 532   1          }
 533          
 534          
 535          #else
              
              
                  /*******************************************************************************
                  * Function Name: LED_BLINK_WriteCompare1
                  ********************************************************************************
                  *
                  * Summary:
                  *  This funtion is used to change the compare1 value.  The compare output will
                  *  reflect the new value on the next UDB clock.  The compare output will be
                  *  driven high when the present counter value is less than or less than or
C51 COMPILER V9.51   LED_BLINK                                                             01/26/2018 17:28:07 PAGE 10  

                  *  equal to the compare register, depending on the mode.
                  *
                  * Parameters:
                  *  compare:  New compare value.
                  *
                  * Return:
                  *  None
                  *
                  *******************************************************************************/
                  void LED_BLINK_WriteCompare1(uint8 compare) \
                                                      
                  {
                      #if(LED_BLINK_UsingFixedFunction)
                          CY_SET_REG16(LED_BLINK_COMPARE1_LSB_PTR, (uint16)compare);
                      #else
                          CY_SET_REG8(LED_BLINK_COMPARE1_LSB_PTR, compare);
                      #endif /* (LED_BLINK_UsingFixedFunction) */
                  }
              
              
                  /*******************************************************************************
                  * Function Name: LED_BLINK_WriteCompare2
                  ********************************************************************************
                  *
                  * Summary:
                  *  This funtion is used to change the compare value, for compare1 output.
                  *  The compare output will reflect the new value on the next UDB clock.
                  *  The compare output will be driven high when the present counter value is
                  *  less than or less than or equal to the compare register, depending on the
                  *  mode.
                  *
                  * Parameters:
                  *  compare:  New compare value.
                  *
                  * Return:
                  *  None
                  *
                  *******************************************************************************/
                  void LED_BLINK_WriteCompare2(uint8 compare) \
                                                      
                  {
                      #if(LED_BLINK_UsingFixedFunction)
                          CY_SET_REG16(LED_BLINK_COMPARE2_LSB_PTR, compare);
                      #else
                          CY_SET_REG8(LED_BLINK_COMPARE2_LSB_PTR, compare);
                      #endif /* (LED_BLINK_UsingFixedFunction) */
                  }
              #endif /* UseOneCompareMode */
 594          
 595          #if (LED_BLINK_DeadBandUsed)
              
              
                  /*******************************************************************************
                  * Function Name: LED_BLINK_WriteDeadTime
                  ********************************************************************************
                  *
                  * Summary:
                  *  This function writes the dead-band counts to the corresponding register
                  *
                  * Parameters:
                  *  deadtime:  Number of counts for dead time
                  *
C51 COMPILER V9.51   LED_BLINK                                                             01/26/2018 17:28:07 PAGE 11  

                  * Return:
                  *  None
                  *
                  *******************************************************************************/
                  void LED_BLINK_WriteDeadTime(uint8 deadtime) 
                  {
                      /* If using the Dead Band 1-255 mode then just write the register */
                      #if(!LED_BLINK_DeadBand2_4)
                          CY_SET_REG8(LED_BLINK_DEADBAND_COUNT_PTR, deadtime);
                      #else
                          /* Otherwise the data has to be masked and offset */
                          /* Clear existing data */
                          LED_BLINK_DEADBAND_COUNT &= ((uint8)(~LED_BLINK_DEADBAND_COUNT_MASK));
              
                          /* Set new dead time */
                          #if(LED_BLINK_DEADBAND_COUNT_SHIFT)
                              LED_BLINK_DEADBAND_COUNT |= ((uint8)((uint8)deadtime << LED_BLINK_DEADBAND_COUNT_SHIFT)) &
                                                                  LED_BLINK_DEADBAND_COUNT_MASK;
                          #else
                              LED_BLINK_DEADBAND_COUNT |= deadtime & LED_BLINK_DEADBAND_COUNT_MASK;
                          #endif /* (LED_BLINK_DEADBAND_COUNT_SHIFT) */
              
                      #endif /* (!LED_BLINK_DeadBand2_4) */
                  }
              
              
                  /*******************************************************************************
                  * Function Name: LED_BLINK_ReadDeadTime
                  ********************************************************************************
                  *
                  * Summary:
                  *  This function reads the dead-band counts from the corresponding register
                  *
                  * Parameters:
                  *  None
                  *
                  * Return:
                  *  Dead Band Counts
                  *
                  *******************************************************************************/
                  uint8 LED_BLINK_ReadDeadTime(void) 
                  {
                      /* If using the Dead Band 1-255 mode then just read the register */
                      #if(!LED_BLINK_DeadBand2_4)
                          return (CY_GET_REG8(LED_BLINK_DEADBAND_COUNT_PTR));
                      #else
              
                          /* Otherwise the data has to be masked and offset */
                          #if(LED_BLINK_DEADBAND_COUNT_SHIFT)
                              return ((uint8)(((uint8)(LED_BLINK_DEADBAND_COUNT & LED_BLINK_DEADBAND_COUNT_MASK)) >>
                                                                                         LED_BLINK_DEADBAND_COUNT_SHIFT)
             -);
                          #else
                              return (LED_BLINK_DEADBAND_COUNT & LED_BLINK_DEADBAND_COUNT_MASK);
                          #endif /* (LED_BLINK_DEADBAND_COUNT_SHIFT) */
                      #endif /* (!LED_BLINK_DeadBand2_4) */
                  }
              #endif /* DeadBandUsed */
 665          
 666          #if (LED_BLINK_UseStatus || LED_BLINK_UsingFixedFunction)
              
              
C51 COMPILER V9.51   LED_BLINK                                                             01/26/2018 17:28:07 PAGE 12  

                  /*******************************************************************************
                  * Function Name: LED_BLINK_SetInterruptMode
                  ********************************************************************************
                  *
                  * Summary:
                  *  This function configures the interrupts mask control of theinterrupt
                  *  source status register.
                  *
                  * Parameters:
                  *  uint8 interruptMode: Bit field containing the interrupt sources enabled
                  *
                  * Return:
                  *  None
                  *
                  *******************************************************************************/
                  void LED_BLINK_SetInterruptMode(uint8 interruptMode) 
                  {
                      CY_SET_REG8(LED_BLINK_STATUS_MASK_PTR, interruptMode);
                  }
              
              
                  /*******************************************************************************
                  * Function Name: LED_BLINK_ReadStatusRegister
                  ********************************************************************************
                  *
                  * Summary:
                  *  This function returns the current state of the status register.
                  *
                  * Parameters:
                  *  None
                  *
                  * Return:
                  *  uint8 : Current status register value. The status register bits are:
                  *  [7:6] : Unused(0)
                  *  [5]   : Kill event output
                  *  [4]   : FIFO not empty
                  *  [3]   : FIFO full
                  *  [2]   : Terminal count
                  *  [1]   : Compare output 2
                  *  [0]   : Compare output 1
                  *
                  *******************************************************************************/
                  uint8 LED_BLINK_ReadStatusRegister(void) 
                  {
                      return (CY_GET_REG8(LED_BLINK_STATUS_PTR));
                  }
              
              #endif /* (LED_BLINK_UseStatus || LED_BLINK_UsingFixedFunction) */
 717          
 718          
 719          #if (LED_BLINK_UseControl)
 720          
 721          
 722              /*******************************************************************************
 723              * Function Name: LED_BLINK_ReadControlRegister
 724              ********************************************************************************
 725              *
 726              * Summary:
 727              *  Returns the current state of the control register. This API is available
 728              *  only if the control register is not removed.
 729              *
 730              * Parameters:
C51 COMPILER V9.51   LED_BLINK                                                             01/26/2018 17:28:07 PAGE 13  

 731              *  None
 732              *
 733              * Return:
 734              *  uint8 : Current control register value
 735              *
 736              *******************************************************************************/
 737              uint8 LED_BLINK_ReadControlRegister(void) 
 738              {
 739   1              uint8 result;
 740   1      
 741   1              result = CY_GET_REG8(LED_BLINK_CONTROL_PTR);
 742   1              return (result);
 743   1          }
 744          
 745          
 746              /*******************************************************************************
 747              * Function Name: LED_BLINK_WriteControlRegister
 748              ********************************************************************************
 749              *
 750              * Summary:
 751              *  Sets the bit field of the control register. This API is available only if
 752              *  the control register is not removed.
 753              *
 754              * Parameters:
 755              *  uint8 control: Control register bit field, The status register bits are:
 756              *  [7]   : PWM Enable
 757              *  [6]   : Reset
 758              *  [5:3] : Compare Mode2
 759              *  [2:0] : Compare Mode2
 760              *
 761              * Return:
 762              *  None
 763              *
 764              *******************************************************************************/
 765              void LED_BLINK_WriteControlRegister(uint8 control) 
 766              {
 767   1              CY_SET_REG8(LED_BLINK_CONTROL_PTR, control);
 768   1          }
 769          
 770          #endif /* (LED_BLINK_UseControl) */
 771          
 772          
 773          #if (!LED_BLINK_UsingFixedFunction)
 774          
 775          
 776              /*******************************************************************************
 777              * Function Name: LED_BLINK_ReadCapture
 778              ********************************************************************************
 779              *
 780              * Summary:
 781              *  Reads the capture value from the capture FIFO.
 782              *
 783              * Parameters:
 784              *  None
 785              *
 786              * Return:
 787              *  uint8/uint16: The current capture value
 788              *
 789              *******************************************************************************/
 790              uint8 LED_BLINK_ReadCapture(void) 
 791              {
 792   1              return (CY_GET_REG8(LED_BLINK_CAPTURE_LSB_PTR));
C51 COMPILER V9.51   LED_BLINK                                                             01/26/2018 17:28:07 PAGE 14  

 793   1          }
 794          
 795          #endif /* (!LED_BLINK_UsingFixedFunction) */
 796          
 797          
 798          #if (LED_BLINK_UseOneCompareMode)
 799          
 800          
 801              /*******************************************************************************
 802              * Function Name: LED_BLINK_ReadCompare
 803              ********************************************************************************
 804              *
 805              * Summary:
 806              *  Reads the compare value for the compare output when the PWM Mode parameter is
 807              *  set to Dither mode, Center Aligned mode, or One Output mode.
 808              *
 809              * Parameters:
 810              *  None
 811              *
 812              * Return:
 813              *  uint8/uint16: Current compare value
 814              *
 815              *******************************************************************************/
 816              uint8 LED_BLINK_ReadCompare(void) 
 817              {
 818   1              #if(LED_BLINK_UsingFixedFunction)
                          return ((uint8)CY_GET_REG16(LED_BLINK_COMPARE1_LSB_PTR));
                      #else
 821   1                  return (CY_GET_REG8(LED_BLINK_COMPARE1_LSB_PTR));
 822   1              #endif /* (LED_BLINK_UsingFixedFunction) */
 823   1          }
 824          
 825          #else
              
              
                  /*******************************************************************************
                  * Function Name: LED_BLINK_ReadCompare1
                  ********************************************************************************
                  *
                  * Summary:
                  *  Reads the compare value for the compare1 output.
                  *
                  * Parameters:
                  *  None
                  *
                  * Return:
                  *  uint8/uint16: Current compare value.
                  *
                  *******************************************************************************/
                  uint8 LED_BLINK_ReadCompare1(void) 
                  {
                      return (CY_GET_REG8(LED_BLINK_COMPARE1_LSB_PTR));
                  }
              
              
                  /*******************************************************************************
                  * Function Name: LED_BLINK_ReadCompare2
                  ********************************************************************************
                  *
                  * Summary:
                  *  Reads the compare value for the compare2 output.
                  *
C51 COMPILER V9.51   LED_BLINK                                                             01/26/2018 17:28:07 PAGE 15  

                  * Parameters:
                  *  None
                  *
                  * Return:
                  *  uint8/uint16: Current compare value.
                  *
                  *******************************************************************************/
                  uint8 LED_BLINK_ReadCompare2(void) 
                  {
                      return (CY_GET_REG8(LED_BLINK_COMPARE2_LSB_PTR));
                  }
              
              #endif /* (LED_BLINK_UseOneCompareMode) */
 868          
 869          
 870          /*******************************************************************************
 871          * Function Name: LED_BLINK_ReadPeriod
 872          ********************************************************************************
 873          *
 874          * Summary:
 875          *  Reads the period value used by the PWM hardware.
 876          *
 877          * Parameters:
 878          *  None
 879          *
 880          * Return:
 881          *  uint8/16: Period value
 882          *
 883          *******************************************************************************/
 884          uint8 LED_BLINK_ReadPeriod(void) 
 885          {
 886   1          #if(LED_BLINK_UsingFixedFunction)
                      return ((uint8)CY_GET_REG16(LED_BLINK_PERIOD_LSB_PTR));
                  #else
 889   1              return (CY_GET_REG8(LED_BLINK_PERIOD_LSB_PTR));
 890   1          #endif /* (LED_BLINK_UsingFixedFunction) */
 891   1      }
 892          
 893          #if ( LED_BLINK_KillModeMinTime)
              
              
                  /*******************************************************************************
                  * Function Name: LED_BLINK_WriteKillTime
                  ********************************************************************************
                  *
                  * Summary:
                  *  Writes the kill time value used by the hardware when the Kill Mode
                  *  is set to Minimum Time.
                  *
                  * Parameters:
                  *  uint8: Minimum Time kill counts
                  *
                  * Return:
                  *  None
                  *
                  *******************************************************************************/
                  void LED_BLINK_WriteKillTime(uint8 killtime) 
                  {
                      CY_SET_REG8(LED_BLINK_KILLMODEMINTIME_PTR, killtime);
                  }
              
              
C51 COMPILER V9.51   LED_BLINK                                                             01/26/2018 17:28:07 PAGE 16  

                  /*******************************************************************************
                  * Function Name: LED_BLINK_ReadKillTime
                  ********************************************************************************
                  *
                  * Summary:
                  *  Reads the kill time value used by the hardware when the Kill Mode is set
                  *  to Minimum Time.
                  *
                  * Parameters:
                  *  None
                  *
                  * Return:
                  *  uint8: The current Minimum Time kill counts
                  *
                  *******************************************************************************/
                  uint8 LED_BLINK_ReadKillTime(void) 
                  {
                      return (CY_GET_REG8(LED_BLINK_KILLMODEMINTIME_PTR));
                  }
              
              #endif /* ( LED_BLINK_KillModeMinTime) */
 938          
 939          /* [] END OF FILE */
C51 COMPILER V9.51   LED_BLINK                                                             01/26/2018 17:28:07 PAGE 17  

ASSEMBLY LISTING OF GENERATED OBJECT CODE


             ; FUNCTION LED_BLINK_Start (BEGIN)
                                           ; SOURCE LINE # 55
                                           ; SOURCE LINE # 56
                                           ; SOURCE LINE # 58
0000 900000      R     MOV     DPTR,#LED_BLINK_initVar
0003 E0                MOVX    A,@DPTR
0004 7009              JNZ     ?C0001
                                           ; SOURCE LINE # 59
                                           ; SOURCE LINE # 60
0006 120000      R     LCALL   LED_BLINK_Init
                                           ; SOURCE LINE # 61
0009 900000      R     MOV     DPTR,#LED_BLINK_initVar
000C 7401              MOV     A,#01H
000E F0                MOVX    @DPTR,A
                                           ; SOURCE LINE # 62
000F         ?C0001:
                                           ; SOURCE LINE # 63
000F 120000      R     LCALL   LED_BLINK_Enable
                                           ; SOURCE LINE # 65
0012 22                RET     
             ; FUNCTION LED_BLINK_Start (END)

             ; FUNCTION LED_BLINK_Init (BEGIN)
                                           ; SOURCE LINE # 84
                                           ; SOURCE LINE # 85
                                           ; SOURCE LINE # 118
0000 90647D            MOV     DPTR,#0647DH
0003 E0                MOVX    A,@DPTR
0004 54C0              ANL     A,#0C0H
0006 FF                MOV     R7,A
;---- Variable 'ctrl' assigned to Register 'R7' ----
                                           ; SOURCE LINE # 120
0007 4412              ORL     A,#012H
0009 F0                MOVX    @DPTR,A
                                           ; SOURCE LINE # 126
000A 90649D            MOV     DPTR,#0649DH
000D E0                MOVX    A,@DPTR
000E 4401              ORL     A,#01H
0010 F0                MOVX    @DPTR,A
                                           ; SOURCE LINE # 133
0011 7FF9              MOV     R7,#0F9H
0013 120000      R     LCALL   _LED_BLINK_WriteCounter
                                           ; SOURCE LINE # 136
0016 7FF9              MOV     R7,#0F9H
0018 120000      R     LCALL   _LED_BLINK_WritePeriod
                                           ; SOURCE LINE # 139
001B 7F80              MOV     R7,#080H
001D 120000      R     LCALL   _LED_BLINK_WriteCompare
                                           ; SOURCE LINE # 179
0020 22                RET     
             ; FUNCTION LED_BLINK_Init (END)

             ; FUNCTION LED_BLINK_Enable (BEGIN)
                                           ; SOURCE LINE # 199
                                           ; SOURCE LINE # 200
                                           ; SOURCE LINE # 209
0000 90647D            MOV     DPTR,#0647DH
0003 E0                MOVX    A,@DPTR
0004 4480              ORL     A,#080H
C51 COMPILER V9.51   LED_BLINK                                                             01/26/2018 17:28:07 PAGE 18  

0006 F0                MOVX    @DPTR,A
                                           ; SOURCE LINE # 211
0007 22                RET     
             ; FUNCTION LED_BLINK_Enable (END)

             ; FUNCTION LED_BLINK_Stop (BEGIN)
                                           ; SOURCE LINE # 233
                                           ; SOURCE LINE # 234
                                           ; SOURCE LINE # 236
0000 90647D            MOV     DPTR,#0647DH
0003 E0                MOVX    A,@DPTR
0004 547F              ANL     A,#07FH
0006 F0                MOVX    @DPTR,A
                                           ; SOURCE LINE # 244
0007 22                RET     
             ; FUNCTION LED_BLINK_Stop (END)

             ; FUNCTION _LED_BLINK_WriteCounter (BEGIN)
                                           ; SOURCE LINE # 403
;---- Variable 'counter' assigned to Register 'R7' ----
                                           ; SOURCE LINE # 405
                                           ; SOURCE LINE # 406
0000 90640D            MOV     DPTR,#0640DH
0003 EF                MOV     A,R7
0004 F0                MOVX    @DPTR,A
                                           ; SOURCE LINE # 407
0005 22                RET     
             ; FUNCTION _LED_BLINK_WriteCounter (END)

             ; FUNCTION LED_BLINK_ReadCounter (BEGIN)
                                           ; SOURCE LINE # 425
                                           ; SOURCE LINE # 426
                                           ; SOURCE LINE # 430
0000 90641D            MOV     DPTR,#0641DH
0003 E0                MOVX    A,@DPTR
0004 FF                MOV     R7,A
                                           ; SOURCE LINE # 433
0005 90645D            MOV     DPTR,#0645DH
0008 E0                MOVX    A,@DPTR
0009 FF                MOV     R7,A
                                           ; SOURCE LINE # 434
000A         ?C0007:
000A 22                RET     
             ; FUNCTION LED_BLINK_ReadCounter (END)

             ; FUNCTION _LED_BLINK_WritePeriod (BEGIN)
                                           ; SOURCE LINE # 482
;---- Variable 'period' assigned to Register 'R7' ----
                                           ; SOURCE LINE # 483
                                           ; SOURCE LINE # 487
0000 90644D            MOV     DPTR,#0644DH
0003 EF                MOV     A,R7
0004 F0                MOVX    @DPTR,A
                                           ; SOURCE LINE # 489
0005 22                RET     
             ; FUNCTION _LED_BLINK_WritePeriod (END)

             ; FUNCTION _LED_BLINK_WriteCompare (BEGIN)
                                           ; SOURCE LINE # 516
;---- Variable 'compare' assigned to Register 'R7' ----
                                           ; SOURCE LINE # 518
                                           ; SOURCE LINE # 522
C51 COMPILER V9.51   LED_BLINK                                                             01/26/2018 17:28:07 PAGE 19  

0000 90642D            MOV     DPTR,#0642DH
0003 EF                MOV     A,R7
0004 F0                MOVX    @DPTR,A
                                           ; SOURCE LINE # 532
0005 22                RET     
             ; FUNCTION _LED_BLINK_WriteCompare (END)

             ; FUNCTION LED_BLINK_ReadControlRegister (BEGIN)
                                           ; SOURCE LINE # 737
                                           ; SOURCE LINE # 738
                                           ; SOURCE LINE # 741
0000 90647D            MOV     DPTR,#0647DH
0003 E0                MOVX    A,@DPTR
0004 FF                MOV     R7,A
;---- Variable 'result' assigned to Register 'R7' ----
                                           ; SOURCE LINE # 742
                                           ; SOURCE LINE # 743
0005         ?C0010:
0005 22                RET     
             ; FUNCTION LED_BLINK_ReadControlRegister (END)

             ; FUNCTION _LED_BLINK_WriteControlRegister (BEGIN)
                                           ; SOURCE LINE # 765
;---- Variable 'control' assigned to Register 'R7' ----
                                           ; SOURCE LINE # 766
                                           ; SOURCE LINE # 767
0000 90647D            MOV     DPTR,#0647DH
0003 EF                MOV     A,R7
0004 F0                MOVX    @DPTR,A
                                           ; SOURCE LINE # 768
0005 22                RET     
             ; FUNCTION _LED_BLINK_WriteControlRegister (END)

             ; FUNCTION LED_BLINK_ReadCapture (BEGIN)
                                           ; SOURCE LINE # 790
                                           ; SOURCE LINE # 791
                                           ; SOURCE LINE # 792
0000 90645D            MOV     DPTR,#0645DH
0003 E0                MOVX    A,@DPTR
0004 FF                MOV     R7,A
                                           ; SOURCE LINE # 793
0005         ?C0012:
0005 22                RET     
             ; FUNCTION LED_BLINK_ReadCapture (END)

             ; FUNCTION LED_BLINK_ReadCompare (BEGIN)
                                           ; SOURCE LINE # 816
                                           ; SOURCE LINE # 817
                                           ; SOURCE LINE # 821
0000 90642D            MOV     DPTR,#0642DH
0003 E0                MOVX    A,@DPTR
0004 FF                MOV     R7,A
                                           ; SOURCE LINE # 823
0005         ?C0013:
0005 22                RET     
             ; FUNCTION LED_BLINK_ReadCompare (END)

             ; FUNCTION LED_BLINK_ReadPeriod (BEGIN)
                                           ; SOURCE LINE # 884
                                           ; SOURCE LINE # 885
                                           ; SOURCE LINE # 889
0000 90644D            MOV     DPTR,#0644DH
C51 COMPILER V9.51   LED_BLINK                                                             01/26/2018 17:28:07 PAGE 20  

0003 E0                MOVX    A,@DPTR
0004 FF                MOV     R7,A
                                           ; SOURCE LINE # 891
0005         ?C0014:
0005 22                RET     
             ; FUNCTION LED_BLINK_ReadPeriod (END)



MODULE INFORMATION:   STATIC OVERLAYABLE
   CODE SIZE        =    127    ----
   CONSTANT SIZE    =   ----    ----
   XDATA SIZE       =      1    ----
   PDATA SIZE       =   ----    ----
   DATA SIZE        =   ----    ----
   IDATA SIZE       =   ----    ----
   BIT SIZE         =   ----    ----
   EDATA SIZE       =   ----    ----
   HDATA SIZE       =   ----    ----
   XDATA CONST SIZE =   ----    ----
   FAR CONST SIZE   =   ----    ----
END OF MODULE INFORMATION.


C51 COMPILATION COMPLETE.  0 WARNING(S),  0 ERROR(S)
