--------------- Rebuild Started: 01/24/2018 17:37:34 Project: hand_firmware_micro, Configuration: DP8051 Keil 9.51 Release ---------------
Deleting file ".\DP8051_Keil_951\Release\command_processing.obj"
Deleting file ".\DP8051_Keil_951\Release\globals.obj"
Deleting file ".\DP8051_Keil_951\Release\main.obj"
Deleting file ".\DP8051_Keil_951\Release\utils.obj"
Deleting file ".\DP8051_Keil_951\Release\cyfitter_cfg.obj"
Deleting file ".\DP8051_Keil_951\Release\MOTOR_1A.obj"
Deleting file ".\DP8051_Keil_951\Release\MOTOR_EN.obj"
Deleting file ".\DP8051_Keil_951\Release\MOTOR_2A.obj"
Deleting file ".\DP8051_Keil_951\Release\CLOCK_UART.obj"
Deleting file ".\DP8051_Keil_951\Release\ISR_RS485_RX.obj"
Deleting file ".\DP8051_Keil_951\Release\RS_485_EN.obj"
Deleting file ".\DP8051_Keil_951\Release\PWM_MOTORS.obj"
Deleting file ".\DP8051_Keil_951\Release\PWM_MOTORS_PM.obj"
Deleting file ".\DP8051_Keil_951\Release\CLOCK_PWM.obj"
Deleting file ".\DP8051_Keil_951\Release\Signal_1_C.obj"
Deleting file ".\DP8051_Keil_951\Release\EMG_2.obj"
Deleting file ".\DP8051_Keil_951\Release\PACER_TIMER.obj"
Deleting file ".\DP8051_Keil_951\Release\PACER_TIMER_PM.obj"
Deleting file ".\DP8051_Keil_951\Release\UART_RS485.obj"
Deleting file ".\DP8051_Keil_951\Release\UART_RS485_PM.obj"
Deleting file ".\DP8051_Keil_951\Release\UART_RS485_INT.obj"
Deleting file ".\DP8051_Keil_951\Release\UART_RS485_BOOT.obj"
Deleting file ".\DP8051_Keil_951\Release\MOTOR_1B.obj"
Deleting file ".\DP8051_Keil_951\Release\MOTOR_2B.obj"
Deleting file ".\DP8051_Keil_951\Release\MOTOR_DIR.obj"
Deleting file ".\DP8051_Keil_951\Release\MOTOR_DIR_PM.obj"
Deleting file ".\DP8051_Keil_951\Release\COUNTER_ENC.obj"
Deleting file ".\DP8051_Keil_951\Release\COUNTER_ENC_PM.obj"
Deleting file ".\DP8051_Keil_951\Release\SHIFTREG_ENC_3.obj"
Deleting file ".\DP8051_Keil_951\Release\SHIFTREG_ENC_3_PM.obj"
Deleting file ".\DP8051_Keil_951\Release\CLOCK_ENCODERS.obj"
Deleting file ".\DP8051_Keil_951\Release\SHIFTREG_ENC_2.obj"
Deleting file ".\DP8051_Keil_951\Release\SHIFTREG_ENC_2_PM.obj"
Deleting file ".\DP8051_Keil_951\Release\EEPROM.obj"
Deleting file ".\DP8051_Keil_951\Release\USB_VDD.obj"
Deleting file ".\DP8051_Keil_951\Release\FTDI_ENABLE.obj"
Deleting file ".\DP8051_Keil_951\Release\Signal_1_B.obj"
Deleting file ".\DP8051_Keil_951\Release\ADC.obj"
Deleting file ".\DP8051_Keil_951\Release\ADC_PM.obj"
Deleting file ".\DP8051_Keil_951\Release\ADC_INT.obj"
Deleting file ".\DP8051_Keil_951\Release\BOARD_LED.obj"
Deleting file ".\DP8051_Keil_951\Release\Signal_1_A.obj"
Deleting file ".\DP8051_Keil_951\Release\RS485_CTS.obj"
Deleting file ".\DP8051_Keil_951\Release\RS485_CTS_PM.obj"
Deleting file ".\DP8051_Keil_951\Release\Bootloadable.obj"
Deleting file ".\DP8051_Keil_951\Release\MOTOR_ON_OFF.obj"
Deleting file ".\DP8051_Keil_951\Release\MOTOR_ON_OFF_PM.obj"
Deleting file ".\DP8051_Keil_951\Release\FTDI_ENABLE_REG.obj"
Deleting file ".\DP8051_Keil_951\Release\FTDI_ENABLE_REG_PM.obj"
Deleting file ".\DP8051_Keil_951\Release\EMG_1.obj"
Deleting file ".\DP8051_Keil_951\Release\CURRENT_SENSE_1.obj"
Deleting file ".\DP8051_Keil_951\Release\RESET_FF.obj"
Deleting file ".\DP8051_Keil_951\Release\RESET_FF_PM.obj"
Deleting file ".\DP8051_Keil_951\Release\FF_STATUS.obj"
Deleting file ".\DP8051_Keil_951\Release\MY_TIMER.obj"
Deleting file ".\DP8051_Keil_951\Release\MY_TIMER_PM.obj"
Deleting file ".\DP8051_Keil_951\Release\timer_clock.obj"
Deleting file ".\DP8051_Keil_951\Release\VOLTAGE_SENSE.obj"
Deleting file ".\DP8051_Keil_951\Release\SHIFTREG_ENC_1.obj"
Deleting file ".\DP8051_Keil_951\Release\SHIFTREG_ENC_1_PM.obj"
Deleting file ".\DP8051_Keil_951\Release\RESET_COUNTERS.obj"
Deleting file ".\DP8051_Keil_951\Release\RESET_COUNTERS_PM.obj"
Deleting file ".\DP8051_Keil_951\Release\ADC_STATUS.obj"
Deleting file ".\DP8051_Keil_951\Release\DMA_dma.obj"
Deleting file ".\DP8051_Keil_951\Release\ADC_SOC.obj"
Deleting file ".\DP8051_Keil_951\Release\ADC_SOC_PM.obj"
Deleting file ".\DP8051_Keil_951\Release\WATCHDOG_CLK.obj"
Deleting file ".\DP8051_Keil_951\Release\ISR_WATCHDOG.obj"
Deleting file ".\DP8051_Keil_951\Release\WATCHDOG_COUNTER.obj"
Deleting file ".\DP8051_Keil_951\Release\WATCHDOG_COUNTER_PM.obj"
Deleting file ".\DP8051_Keil_951\Release\WATCHDOG_ENABLER.obj"
Deleting file ".\DP8051_Keil_951\Release\WATCHDOG_ENABLER_PM.obj"
Deleting file ".\DP8051_Keil_951\Release\WATCHDOG_REFRESH.obj"
Deleting file ".\DP8051_Keil_951\Release\WATCHDOG_REFRESH_PM.obj"
Deleting file ".\DP8051_Keil_951\Release\ADC_AMux.obj"
Deleting file ".\DP8051_Keil_951\Release\ADC_Ext_CP_Clk.obj"
Deleting file ".\DP8051_Keil_951\Release\ADC_IRQ.obj"
Deleting file ".\DP8051_Keil_951\Release\ADC_theACLK.obj"
Deleting file ".\DP8051_Keil_951\Release\CyBootAsmKeil.obj"
Deleting file ".\DP8051_Keil_951\Release\CyDmac.obj"
Deleting file ".\DP8051_Keil_951\Release\CyFlash.obj"
Deleting file ".\DP8051_Keil_951\Release\CyLib.obj"
Deleting file ".\DP8051_Keil_951\Release\cymem.obj"
Deleting file ".\DP8051_Keil_951\Release\cyPm.obj"
Deleting file ".\DP8051_Keil_951\Release\CySpc.obj"
Deleting file ".\DP8051_Keil_951\Release\cyutils.obj"
Deleting file ".\DP8051_Keil_951\Release\KeilStart.obj"
Deleting file ".\DP8051_Keil_951\Release\LED_BLINK.obj"
Deleting file ".\DP8051_Keil_951\Release\LED_BLINK_PM.obj"
Deleting file ".\DP8051_Keil_951\Release\LED_CTRL.obj"
Deleting file ".\DP8051_Keil_951\Release\LED_CTRL_PM.obj"
Deleting file ".\DP8051_Keil_951\Release\LED_BLINK_EN.obj"
Deleting file ".\DP8051_Keil_951\Release\LED_BLINK_EN_PM.obj"
Deleting file ".\DP8051_Keil_951\Release\CLOCK_PWM_1.obj"
Deleting file ".\DP8051_Keil_951\Release\hand_firmware_micro.hex"
Deleting file ".\DP8051_Keil_951\Release\hand_firmware_micro.elf"
Deleting file ".\DP8051_Keil_951\Release\hand_firmware_micro.map"
Deleting file ".\DP8051_Keil_951\Release\hand_firmware_micro.cyacd"
Deleting file ".\hand_firmware_micro.cycdx"
Deleting file ".\hand_firmware_micro.svd"
Deleting file ".\hand_firmware_micro.rpt"
Deleting file ".\hand_firmware_micro_timing.html"
Deleting file ".\DP8051_Keil_951\Release\.deps\SOURCE_C__DP8051_KEIL_GENERIC.P"
Deleting file ".\DP8051_Keil_951\Release\.deps\SOURCE_ASM__DP8051_KEIL_GENERIC.P"
cydsfit.exe -.appdatapath "C:\Users\MattiaCP\AppData\Local\Cypress Semiconductor\PSoC Creator\4.1" -.fdsnotice -.fdswarpdepfile=warp_dependencies.txt -.fdselabdepfile=elab_dependencies.txt -.fdsbldfile=generated_files.txt -.fdsreffile=referenced_files.txt -p C:\Users\MattiaCP\Documents\GITHUB\SoftHand\hand_firmware_micro.cydsn\hand_firmware_micro.cyprj -d CY8C3246PVI-147 -s C:\Users\MattiaCP\Documents\GITHUB\SoftHand\hand_firmware_micro.cydsn\Generated_Source\PSoC3 -- -yv2 -q10 -ygs -o2 -v3 -.fftcfgtype=BE
Elaborating Design...
HDL Generation...
Synthesis...
Tech Mapping...
Analog Placement...
Info: apr.M0002: Analog signal "\ADC:Net_35\" is connected to one terminal only. (App=cydsfit)
Analog Routing...
Analog Code Generation...
Digital Placement...
Digital Routing...
Bitstream Generation...
Bitstream Verification...
Static timing analysis...
API Generation...
Dependency Generation...
Cleanup...
c51.exe command_processing.c NOIV LARGE MODDP2 OMF2 VB(1) NOIP "INCDIR(., Generated_Source\PSoC3)" FF(3) DB DF(NDEBUG) WL(2) PR(.\DP8051_Keil_951\Release/command_processing.lst) CD OT(8 ,Speed) OJ(.\DP8051_Keil_951\Release\command_processing.obj)
*** MESSAGE C286 IN LINE 0 OF (null): license limits optimization to level 5
c51.exe globals.c NOIV LARGE MODDP2 OMF2 VB(1) NOIP "INCDIR(., Generated_Source\PSoC3)" FF(3) DB DF(NDEBUG) WL(2) PR(.\DP8051_Keil_951\Release/globals.lst) CD OT(8 ,Speed) OJ(.\DP8051_Keil_951\Release\globals.obj)
*** MESSAGE C286 IN LINE 0 OF (null): license limits optimization to level 5
c51.exe interruptions.c NOIV LARGE MODDP2 OMF2 VB(1) NOIP "INCDIR(., Generated_Source\PSoC3)" FF(3) DB DF(NDEBUG) WL(2) PR(.\DP8051_Keil_951\Release/interruptions.lst) CD OT(8 ,Speed) OJ(.\DP8051_Keil_951\Release\interruptions.obj)
*** MESSAGE C286 IN LINE 0 OF (null): license limits optimization to level 5
ERROR: interruptions.c:657: left side of asn-op not an lvalue
ERROR: interruptions.c:982: not an lvalue
ERROR: interruptions.c:985: not an lvalue
ERROR: interruptions.c:988: not an lvalue
The command 'c51.exe' failed with exit code '2'.
--------------- Rebuild Failed: 01/24/2018 17:37:55 ---------------
